#
# There is insufficient memory for the Java Runtime Environment to continue.
# Native memory allocation (malloc) failed to allocate 1322736 bytes for Chunk::new
# Possible reasons:
#   The system is out of physical RAM or swap space
#   In 32 bit mode, the process size limit was hit
# Possible solutions:
#   Reduce memory load on the system
#   Increase physical memory or swap space
#   Check if swap backing store is full
#   Use 64 bit Java on a 64 bit OS
#   Decrease Java heap size (-Xmx/-Xms)
#   Decrease number of Java threads
#   Decrease Java thread stack sizes (-Xss)
#   Set larger code cache with -XX:ReservedCodeCacheSize=
# This output file may be truncated or incomplete.
#
#  Out of Memory Error (allocation.cpp:390), pid=42288, tid=0x000000000000ad0c
#
# JRE version: OpenJDK Runtime Environment (8.0_152-b06) (build 1.8.0_152-release-1136-b06)
# Java VM: OpenJDK 64-Bit Server VM (25.152-b06 mixed mode windows-amd64 compressed oops)
# Failed to write core dump. Minidumps are not enabled by default on client versions of Windows
#

---------------  T H R E A D  ---------------

Current thread (0x0000000008619000):  JavaThread "C2 CompilerThread0" daemon [_thread_in_native, id=44300, stack(0x0000000009fb0000,0x000000000a0b0000)]

Stack: [0x0000000009fb0000,0x000000000a0b0000]
[error occurred during error reporting (printing stack bounds), id 0xc0000005]

Native frames: (J=compiled Java code, j=interpreted, Vv=VM code, C=native code)


Current CompileTask:
C2:  17855 7613       4       org.jetbrains.kotlin.cli.jvm.index.JvmDependenciesIndexImpl::search (384 bytes)


---------------  P R O C E S S  ---------------

Java Threads: ( => current thread )
  0x000000000864c800 JavaThread "Service Thread" daemon [_thread_blocked, id=14600, stack(0x000000000a2b0000,0x000000000a3b0000)]
  0x0000000008623800 JavaThread "C1 CompilerThread2" daemon [_thread_blocked, id=24084, stack(0x000000000a1b0000,0x000000000a2b0000)]
  0x000000000861c800 JavaThread "C2 CompilerThread1" daemon [_thread_in_native, id=41256, stack(0x000000000a0b0000,0x000000000a1b0000)]
=>0x0000000008619000 JavaThread "C2 CompilerThread0" daemon [_thread_in_native, id=44300, stack(0x0000000009fb0000,0x000000000a0b0000)]
  0x00000000099f2800 JavaThread "Attach Listener" daemon [_thread_blocked, id=56520, stack(0x0000000009eb0000,0x0000000009fb0000)]
  0x0000000008608800 JavaThread "Signal Dispatcher" daemon [_thread_blocked, id=10632, stack(0x0000000009db0000,0x0000000009eb0000)]
  0x00000000085e0000 JavaThread "Finalizer" daemon [_thread_blocked, id=77524, stack(0x0000000009850000,0x0000000009950000)]
  0x0000000002b1c000 JavaThread "Reference Handler" daemon [_thread_blocked, id=74076, stack(0x0000000009750000,0x0000000009850000)]
  0x0000000002a2a800 JavaThread "main" [_thread_in_Java, id=52776, stack(0x0000000002910000,0x0000000002a10000)]

Other Threads:
  0x00000000085b3800 VMThread [stack: 0x0000000009650000,0x0000000009750000] [id=71852]
  0x000000000864e800 WatcherThread [stack: 0x000000000a3b0000,0x000000000a4b0000] [id=26804]

VM state:not at safepoint (normal execution)

VM Mutex/Monitor currently owned by a thread: None

Heap:
 PSYoungGen      total 89600K, used 70136K [0x00000000d6400000, 0x00000000dd580000, 0x0000000100000000)
  eden space 74752K, 73% used [0x00000000d6400000,0x00000000d9a04c20,0x00000000dad00000)
  from space 14848K, 99% used [0x00000000dc700000,0x00000000dd579698,0x00000000dd580000)
  to   space 17408K, 0% used [0x00000000db380000,0x00000000db380000,0x00000000dc480000)
 ParOldGen       total 64512K, used 40000K [0x0000000082c00000, 0x0000000086b00000, 0x00000000d6400000)
  object space 64512K, 62% used [0x0000000082c00000,0x0000000085310300,0x0000000086b00000)
 Metaspace       used 46248K, capacity 47105K, committed 47320K, reserved 1091584K
  class space    used 5643K, capacity 5851K, committed 5888K, reserved 1048576K

Card table byte_map: [0x0000000002f00000,0x00000000032f0000] byte_map_base: 0x0000000002aea000

Marking Bits: (ParMarkBitMap*) 0x00000000553a5aa0
 Begin Bits: [0x0000000003990000, 0x00000000058e0000)
 End Bits:   [0x00000000058e0000, 0x0000000007830000)

Polling page: 0x0000000002890000

CodeCache: size=245760Kb used=24299Kb max_used=24299Kb free=221460Kb
 bounds [0x000000000f010000, 0x00000000107f0000, 0x000000001e010000]
 total_blobs=7593 nmethods=7132 adapters=373
 compilation: enabled

Compilation events (10 events):
Event: 17.742 Thread 0x0000000008623800 7965       2       org.jetbrains.kotlin.com.intellij.openapi.extensions.impl.ExtensionsAreaImpl::getExtensionPoint (6 bytes)
Event: 17.742 Thread 0x0000000008623800 nmethod 7965 0x00000000107c3350 code [0x00000000107c34c0, 0x00000000107c3628]
Event: 17.744 Thread 0x0000000008623800 7966       2       org.jetbrains.kotlin.types.TypeProjectionBase::<init> (5 bytes)
Event: 17.744 Thread 0x0000000008623800 nmethod 7966 0x00000000107c3010 code [0x00000000107c3160, 0x00000000107c32b0]
Event: 17.745 Thread 0x0000000008623800 7967       2       org.jetbrains.kotlin.android.synthetic.descriptors.AndroidSyntheticPackageFragmentDescriptor$AndroidExtensionPropertiesScope::getContributedVariables (10 bytes)
Event: 17.746 Thread 0x0000000008623800 nmethod 7967 0x00000000107c2c90 code [0x00000000107c2e00, 0x00000000107c2f68]
Event: 17.754 Thread 0x0000000008623800 7968       2       org.jetbrains.kotlin.types.TypeConstructorSubstitution::<init> (5 bytes)
Event: 17.754 Thread 0x0000000008623800 nmethod 7968 0x00000000107c2950 code [0x00000000107c2aa0, 0x00000000107c2bf0]
Event: 17.808 Thread 0x0000000008623800 7969       2       org.jetbrains.kotlin.load.java.structure.impl.classFiles.PlainJavaClassifierType::getClassifier (8 bytes)
Event: 17.809 Thread 0x0000000008623800 nmethod 7969 0x00000000107c2450 code [0x00000000107c25c0, 0x00000000107c27a8]

GC Heap History (10 events):
Event: 11.321 GC heap before
{Heap before GC invocations=8 (full 1):
 PSYoungGen      total 63488K, used 39418K [0x00000000d6400000, 0x00000000db380000, 0x0000000100000000)
  eden space 50176K, 52% used [0x00000000d6400000,0x00000000d7dc2f18,0x00000000d9500000)
  from space 13312K, 97% used [0x00000000da380000,0x00000000db03bc68,0x00000000db080000)
  to   space 14848K, 0% used [0x00000000d9500000,0x00000000d9500000,0x00000000da380000)
 ParOldGen       total 64512K, used 19197K [0x0000000082c00000, 0x0000000086b00000, 0x00000000d6400000)
  object space 64512K, 29% used [0x0000000082c00000,0x0000000083ebf570,0x0000000086b00000)
 Metaspace       used 34500K, capacity 35023K, committed 35416K, reserved 1081344K
  class space    used 4312K, capacity 4480K, committed 4480K, reserved 1048576K
Event: 11.338 GC heap after
Heap after GC invocations=8 (full 1):
 PSYoungGen      total 65024K, used 14753K [0x00000000d6400000, 0x00000000dd700000, 0x0000000100000000)
  eden space 50176K, 0% used [0x00000000d6400000,0x00000000d6400000,0x00000000d9500000)
  from space 14848K, 99% used [0x00000000d9500000,0x00000000da368640,0x00000000da380000)
  to   space 16384K, 0% used [0x00000000dc700000,0x00000000dc700000,0x00000000dd700000)
 ParOldGen       total 64512K, used 19205K [0x0000000082c00000, 0x0000000086b00000, 0x00000000d6400000)
  object space 64512K, 29% used [0x0000000082c00000,0x0000000083ec1570,0x0000000086b00000)
 Metaspace       used 34500K, capacity 35023K, committed 35416K, reserved 1081344K
  class space    used 4312K, capacity 4480K, committed 4480K, reserved 1048576K
}
Event: 11.338 GC heap before
{Heap before GC invocations=9 (full 2):
 PSYoungGen      total 65024K, used 14753K [0x00000000d6400000, 0x00000000dd700000, 0x0000000100000000)
  eden space 50176K, 0% used [0x00000000d6400000,0x00000000d6400000,0x00000000d9500000)
  from space 14848K, 99% used [0x00000000d9500000,0x00000000da368640,0x00000000da380000)
  to   space 16384K, 0% used [0x00000000dc700000,0x00000000dc700000,0x00000000dd700000)
 ParOldGen       total 64512K, used 19205K [0x0000000082c00000, 0x0000000086b00000, 0x00000000d6400000)
  object space 64512K, 29% used [0x0000000082c00000,0x0000000083ec1570,0x0000000086b00000)
 Metaspace       used 34500K, capacity 35023K, committed 35416K, reserved 1081344K
  class space    used 4312K, capacity 4480K, committed 4480K, reserved 1048576K
Event: 11.459 GC heap after
Heap after GC invocations=9 (full 2):
 PSYoungGen      total 65024K, used 0K [0x00000000d6400000, 0x00000000dd700000, 0x0000000100000000)
  eden space 50176K, 0% used [0x00000000d6400000,0x00000000d6400000,0x00000000d9500000)
  from space 14848K, 0% used [0x00000000d9500000,0x00000000d9500000,0x00000000da380000)
  to   space 16384K, 0% used [0x00000000dc700000,0x00000000dc700000,0x00000000dd700000)
 ParOldGen       total 64512K, used 27978K [0x0000000082c00000, 0x0000000086b00000, 0x00000000d6400000)
  object space 64512K, 43% used [0x0000000082c00000,0x0000000084752ad0,0x0000000086b00000)
 Metaspace       used 34500K, capacity 35023K, committed 35416K, reserved 1081344K
  class space    used 4312K, capacity 4480K, committed 4480K, reserved 1048576K
}
Event: 13.006 GC heap before
{Heap before GC invocations=10 (full 2):
 PSYoungGen      total 65024K, used 50176K [0x00000000d6400000, 0x00000000dd700000, 0x0000000100000000)
  eden space 50176K, 100% used [0x00000000d6400000,0x00000000d9500000,0x00000000d9500000)
  from space 14848K, 0% used [0x00000000d9500000,0x00000000d9500000,0x00000000da380000)
  to   space 16384K, 0% used [0x00000000dc700000,0x00000000dc700000,0x00000000dd700000)
 ParOldGen       total 64512K, used 27978K [0x0000000082c00000, 0x0000000086b00000, 0x00000000d6400000)
  object space 64512K, 43% used [0x0000000082c00000,0x0000000084752ad0,0x0000000086b00000)
 Metaspace       used 36851K, capacity 37401K, committed 37848K, reserved 1083392K
  class space    used 4580K, capacity 4756K, committed 4864K, reserved 1048576K
Event: 13.024 GC heap after
Heap after GC invocations=10 (full 2):
 PSYoungGen      total 89600K, used 14510K [0x00000000d6400000, 0x00000000dd580000, 0x0000000100000000)
  eden space 74752K, 0% used [0x00000000d6400000,0x00000000d6400000,0x00000000dad00000)
  from space 14848K, 97% used [0x00000000dc700000,0x00000000dd52bbf0,0x00000000dd580000)
  to   space 17408K, 0% used [0x00000000db380000,0x00000000db380000,0x00000000dc480000)
 ParOldGen       total 64512K, used 27986K [0x0000000082c00000, 0x0000000086b00000, 0x00000000d6400000)
  object space 64512K, 43% used [0x0000000082c00000,0x0000000084754ad0,0x0000000086b00000)
 Metaspace       used 36851K, capacity 37401K, committed 37848K, reserved 1083392K
  class space    used 4580K, capacity 4756K, committed 4864K, reserved 1048576K
}
Event: 14.045 GC heap before
{Heap before GC invocations=11 (full 2):
 PSYoungGen      total 89600K, used 89262K [0x00000000d6400000, 0x00000000dd580000, 0x0000000100000000)
  eden space 74752K, 100% used [0x00000000d6400000,0x00000000dad00000,0x00000000dad00000)
  from space 14848K, 97% used [0x00000000dc700000,0x00000000dd52bbf0,0x00000000dd580000)
  to   space 17408K, 0% used [0x00000000db380000,0x00000000db380000,0x00000000dc480000)
 ParOldGen       total 64512K, used 27986K [0x0000000082c00000, 0x0000000086b00000, 0x00000000d6400000)
  object space 64512K, 43% used [0x0000000082c00000,0x0000000084754ad0,0x0000000086b00000)
 Metaspace       used 39095K, capacity 39707K, committed 40024K, reserved 1085440K
  class space    used 4781K, capacity 4966K, committed 4992K, reserved 1048576K
Event: 14.071 GC heap after
Heap after GC invocations=11 (full 2):
 PSYoungGen      total 92160K, used 17393K [0x00000000d6400000, 0x00000000dd580000, 0x0000000100000000)
  eden space 74752K, 0% used [0x00000000d6400000,0x00000000d6400000,0x00000000dad00000)
  from space 17408K, 99% used [0x00000000db380000,0x00000000dc47c748,0x00000000dc480000)
  to   space 14848K, 0% used [0x00000000dc700000,0x00000000dc700000,0x00000000dd580000)
 ParOldGen       total 64512K, used 28155K [0x0000000082c00000, 0x0000000086b00000, 0x00000000d6400000)
  object space 64512K, 43% used [0x0000000082c00000,0x000000008477ed10,0x0000000086b00000)
 Metaspace       used 39095K, capacity 39707K, committed 40024K, reserved 1085440K
  class space    used 4781K, capacity 4966K, committed 4992K, reserved 1048576K
}
Event: 16.464 GC heap before
{Heap before GC invocations=12 (full 2):
 PSYoungGen      total 92160K, used 92145K [0x00000000d6400000, 0x00000000dd580000, 0x0000000100000000)
  eden space 74752K, 100% used [0x00000000d6400000,0x00000000dad00000,0x00000000dad00000)
  from space 17408K, 99% used [0x00000000db380000,0x00000000dc47c748,0x00000000dc480000)
  to   space 14848K, 0% used [0x00000000dc700000,0x00000000dc700000,0x00000000dd580000)
 ParOldGen       total 64512K, used 28155K [0x0000000082c00000, 0x0000000086b00000, 0x00000000d6400000)
  object space 64512K, 43% used [0x0000000082c00000,0x000000008477ed10,0x0000000086b00000)
 Metaspace       used 44754K, capacity 45535K, committed 45912K, reserved 1089536K
  class space    used 5528K, capacity 5730K, committed 5760K, reserved 1048576K
Event: 16.500 GC heap after
Heap after GC invocations=12 (full 2):
 PSYoungGen      total 89600K, used 14821K [0x00000000d6400000, 0x00000000dd580000, 0x0000000100000000)
  eden space 74752K, 0% used [0x00000000d6400000,0x00000000d6400000,0x00000000dad00000)
  from space 14848K, 99% used [0x00000000dc700000,0x00000000dd579698,0x00000000dd580000)
  to   space 17408K, 0% used [0x00000000db380000,0x00000000db380000,0x00000000dc480000)
 ParOldGen       total 64512K, used 40000K [0x0000000082c00000, 0x0000000086b00000, 0x00000000d6400000)
  object space 64512K, 62% used [0x0000000082c00000,0x0000000085310300,0x0000000086b00000)
 Metaspace       used 44754K, capacity 45535K, committed 45912K, reserved 1089536K
  class space    used 5528K, capacity 5730K, committed 5760K, reserved 1048576K
}

Deoptimization events (10 events):
Event: 17.205 Thread 0x0000000002a2a800 Uncommon trap: reason=bimorphic action=maybe_recompile pc=0x000000000f7e8c7c method=org.jetbrains.kotlin.gnu.trove.TIntObjectHashMap.index(I)I @ 28
Event: 17.205 Thread 0x0000000002a2a800 Uncommon trap: reason=bimorphic action=maybe_recompile pc=0x000000000f7e8c7c method=org.jetbrains.kotlin.gnu.trove.TIntObjectHashMap.index(I)I @ 28
Event: 17.205 Thread 0x0000000002a2a800 Uncommon trap: reason=bimorphic action=maybe_recompile pc=0x000000000f7e8c7c method=org.jetbrains.kotlin.gnu.trove.TIntObjectHashMap.index(I)I @ 28
Event: 17.205 Thread 0x0000000002a2a800 Uncommon trap: reason=class_check action=maybe_recompile pc=0x000000000fcfa244 method=org.jetbrains.kotlin.com.intellij.psi.impl.source.tree.CompositeElement.findChildByType(Lorg/jetbrains/kotlin/com/intellij/psi/tree/TokenSet;)Lorg/jetbrains/kotlin/com/i
Event: 17.205 Thread 0x0000000002a2a800 Uncommon trap: reason=bimorphic action=maybe_recompile pc=0x000000000f7e8c7c method=org.jetbrains.kotlin.gnu.trove.TIntObjectHashMap.index(I)I @ 28
Event: 17.207 Thread 0x0000000002a2a800 Uncommon trap: reason=class_check action=maybe_recompile pc=0x000000000fb0e430 method=org.jetbrains.kotlin.gnu.trove.THashIterator.nextIndex()I @ 8
Event: 17.260 Thread 0x0000000002a2a800 Uncommon trap: reason=bimorphic action=maybe_recompile pc=0x00000000105e1824 method=org.jetbrains.kotlin.resolve.lazy.LazyImportScope$getContributedClassifier$1.invoke(Lorg/jetbrains/kotlin/resolve/scopes/ImportingScope;Lorg/jetbrains/kotlin/name/Name;)Lo
Event: 17.287 Thread 0x0000000002a2a800 Uncommon trap: reason=unstable_if action=reinterpret pc=0x000000000f14f1bc method=org.jetbrains.kotlin.types.ErrorUtils.isError(Lorg/jetbrains/kotlin/descriptors/DeclarationDescriptor;)Z @ 22
Event: 17.400 Thread 0x0000000002a2a800 Uncommon trap: reason=bimorphic action=maybe_recompile pc=0x000000001050b320 method=org.jetbrains.kotlin.types.FlexibleTypesKt.asFlexibleType(Lorg/jetbrains/kotlin/types/KotlinType;)Lorg/jetbrains/kotlin/types/FlexibleType; @ 7
Event: 17.547 Thread 0x0000000002a2a800 Uncommon trap: reason=bimorphic action=maybe_recompile pc=0x000000001050b320 method=org.jetbrains.kotlin.types.FlexibleTypesKt.asFlexibleType(Lorg/jetbrains/kotlin/types/KotlinType;)Lorg/jetbrains/kotlin/types/FlexibleType; @ 7

Classes redefined (0 events):
No events

Internal exceptions (10 events):
Event: 14.473 Thread 0x0000000002a2a800 Implicit null exception at 0x000000000f91d160 to 0x000000000f91e905
Event: 14.473 Thread 0x0000000002a2a800 Implicit null exception at 0x000000000f91d160 to 0x000000000f91e905
Event: 14.473 Thread 0x0000000002a2a800 Implicit null exception at 0x000000000f91d160 to 0x000000000f91e905
Event: 14.479 Thread 0x0000000002a2a800 Implicit null exception at 0x000000000f2d2f94 to 0x000000000f2d3341
Event: 14.526 Thread 0x0000000002a2a800 Implicit null exception at 0x000000000f1dfad6 to 0x000000000f1dfe71
Event: 14.840 Thread 0x0000000002a2a800 Implicit null exception at 0x000000000ff8922f to 0x000000000ff89775
Event: 15.922 Thread 0x0000000002a2a800 Implicit null exception at 0x0000000010352a54 to 0x0000000010352ac5
Event: 17.122 Thread 0x0000000002a2a800 Exception <a 'java/lang/NoSuchMethodError': java.lang.Object.lambda$static$0(I)[Lorg/jetbrains/kotlin/com/intellij/psi/PsiMethod;> (0x00000000d815c490) thrown at [D:\src\AOSP-openjdk-cygwin\jdk8u\hotspot\src\share\vm\interpreter\linkResolver.cpp, line 584
Event: 17.124 Thread 0x0000000002a2a800 Exception <a 'java/lang/NoSuchMethodError': java.lang.Object.lambda$static$0(I)[Lorg/jetbrains/kotlin/com/intellij/psi/PsiField;> (0x00000000d8167068) thrown at [D:\src\AOSP-openjdk-cygwin\jdk8u\hotspot\src\share\vm\interpreter\linkResolver.cpp, line 584]
Event: 17.149 Thread 0x0000000002a2a800 Exception <a 'java/lang/NoSuchMethodError': java.lang.Object.lambda$static$0(I)[Lorg/jetbrains/kotlin/com/intellij/psi/PsiJavaCodeReferenceElement;> (0x00000000d826b758) thrown at [D:\src\AOSP-openjdk-cygwin\jdk8u\hotspot\src\share\vm\interpreter\linkReso

Events (10 events):
Event: 17.321 Executing VM operation: ForceSafepoint
Event: 17.321 Executing VM operation: ForceSafepoint done
Event: 17.400 Thread 0x0000000002a2a800 Uncommon trap: trap_request=0xffffffc6 fr.pc=0x000000001050b320
Event: 17.400 Thread 0x0000000002a2a800 DEOPT PACKING pc=0x000000001050b320 sp=0x0000000002a0e680
Event: 17.400 Thread 0x0000000002a2a800 DEOPT UNPACKING pc=0x000000000f05557b sp=0x0000000002a0e5c0 mode 2
Event: 17.547 Thread 0x0000000002a2a800 Uncommon trap: trap_request=0xffffffc6 fr.pc=0x000000001050b320
Event: 17.547 Thread 0x0000000002a2a800 DEOPT PACKING pc=0x000000001050b320 sp=0x0000000002a0e610
Event: 17.547 Thread 0x0000000002a2a800 DEOPT UNPACKING pc=0x000000000f05557b sp=0x0000000002a0e550 mode 2
Event: 17.663 Executing VM operation: ForceSafepoint
Event: 17.663 Executing VM operation: ForceSafepoint done


Dynamic libraries:
0x00007ff60ff40000 - 0x00007ff60ff71000 	D:\AS\jre\jre\bin\java.exe
0x00007ffd64760000 - 0x00007ffd64909000 	C:\Windows\SYSTEM32\ntdll.dll
0x00007ffd63310000 - 0x00007ffd63449000 	C:\Windows\system32\KERNEL32.DLL
0x00007ffd61b40000 - 0x00007ffd61c4e000 	C:\Windows\system32\KERNELBASE.dll
0x00007ffd63460000 - 0x00007ffd63505000 	C:\Windows\system32\ADVAPI32.dll
0x00007ffd63910000 - 0x00007ffd63a81000 	C:\Windows\system32\USER32.dll
0x00007ffd5f3d0000 - 0x00007ffd5f62a000 	C:\Windows\WinSxS\amd64_microsoft.windows.common-controls_6595b64144ccf1df_6.0.9600.16384_none_62475f7becb72503\COMCTL32.dll
0x00007ffd63a90000 - 0x00007ffd63b37000 	C:\Windows\system32\msvcrt.dll
0x00007ffd64180000 - 0x00007ffd641d7000 	C:\Windows\SYSTEM32\sechost.dll
0x00007ffd64620000 - 0x00007ffd64756000 	C:\Windows\system32\RPCRT4.dll
0x00007ffd63120000 - 0x00007ffd63265000 	C:\Windows\system32\GDI32.dll
0x00007ffd64290000 - 0x00007ffd642c4000 	C:\Windows\system32\IMM32.DLL
0x00007ffd64360000 - 0x00007ffd64498000 	C:\Windows\system32\MSCTF.dll
0x00007ffd616c0000 - 0x00007ffd616f1000 	C:\Windows\system32\nvinitx.dll
0x000000000f000000 - 0x000000000f006000 	C:\Program Files\NVIDIA Corporation\CoProcManager\_etoured.dll
0x00007ffd5ff70000 - 0x00007ffd5ffa2000 	C:\Program Files\NVIDIA Corporation\CoProcManager\nvd3d9wrapx.dll
0x00007ffd63d00000 - 0x00007ffd63ed6000 	C:\Windows\system32\SETUPAPI.dll
0x00007ffd61af0000 - 0x00007ffd61b3a000 	C:\Windows\system32\CFGMGR32.dll
0x00007ffd5fdb0000 - 0x00007ffd5fdd2000 	C:\Program Files\NVIDIA Corporation\CoProcManager\nvdxgiwrapx.dll
0x0000000054a20000 - 0x0000000054af2000 	D:\AS\jre\jre\bin\msvcr100.dll
0x0000000054be0000 - 0x0000000055421000 	D:\AS\jre\jre\bin\server\jvm.dll
0x00007ffd595f0000 - 0x00007ffd595f9000 	C:\Windows\SYSTEM32\WSOCK32.dll
0x00000000028d0000 - 0x00000000028ef000 	C:\Windows\system32\WINMM.dll
0x00007ffd5f730000 - 0x00007ffd5f73a000 	C:\Windows\SYSTEM32\VERSION.dll
0x00007ffd63450000 - 0x00007ffd63457000 	C:\Windows\system32\PSAPI.DLL
0x00007ffd642e0000 - 0x00007ffd64338000 	C:\Windows\system32\WS2_32.dll
0x00007ffd61810000 - 0x00007ffd6183a000 	C:\Windows\system32\WINMMBASE.dll
0x00007ffd637f0000 - 0x00007ffd637f9000 	C:\Windows\system32\NSI.dll
0x00007ffd617c0000 - 0x00007ffd617e6000 	C:\Windows\system32\DEVOBJ.dll
0x00007ffd5fde0000 - 0x00007ffd5fdef000 	D:\AS\jre\jre\bin\verify.dll
0x00007ffd5e8d0000 - 0x00007ffd5e8f9000 	D:\AS\jre\jre\bin\java.dll
0x00007ffd5fb40000 - 0x00007ffd5fb56000 	D:\AS\jre\jre\bin\zip.dll
0x00007ffd61d10000 - 0x00007ffd6311f000 	C:\Windows\system32\SHELL32.dll
0x00007ffd63f40000 - 0x00007ffd64117000 	C:\Windows\SYSTEM32\combase.dll
0x00007ffd64120000 - 0x00007ffd64171000 	C:\Windows\system32\SHLWAPI.dll
0x00007ffd602a0000 - 0x00007ffd60341000 	C:\Windows\SYSTEM32\SHCORE.dll
0x00007ffd61710000 - 0x00007ffd61724000 	C:\Windows\SYSTEM32\profapi.dll
0x00007ffd5f7b0000 - 0x00007ffd5f7ca000 	D:\AS\jre\jre\bin\net.dll
0x00007ffd60f20000 - 0x00007ffd60f78000 	C:\Windows\system32\mswsock.dll
0x00007ffd5ee70000 - 0x00007ffd5ee81000 	D:\AS\jre\jre\bin\nio.dll

VM Arguments:
java_command: org.jetbrains.kotlin.cli.jvm.K2JVMCompiler -Xadd-compiler-builtins -Xbuild-file=C:\Users\ADMINI~1\AppData\Local\Temp\kjps5326445660034997682app_debug.script.xml -classpath C:\Users\Administrator\.gradle\caches\transforms-1\files-1.1\adapters-3.1.4.aar\a4b3e322d11d4e2d074c9946672048ca\jars\classes.jar;C:\Users\Administrator\.gradle\caches\transforms-1\files-1.1\library-3.1.4.aar\f20939bc516a8a85ed6c57ee8f2785ed\jars\classes.jar;C:\Users\Administrator\.gradle\caches\modules-2\files-2.1\com.android.databinding\baseLibrary\3.1.4\df1e7638ba852152abe964e86f60fa4ce12e6a6a\baseLibrary-3.1.4.jar;C:\Users\Administrator\.gradle\caches\transforms-1\files-1.1\leakcanary-support-fragment-1.6.1.aar\1b058e13b6fd24d9b2f6735dd748678c\jars\classes.jar;C:\Users\Administrator\.gradle\caches\transforms-1\files-1.1\leakcanary-android-1.6.1.aar\2ec0ea481956c794d4a6dab73b2aa975\jars\classes.jar;C:\Users\Administrator\.gradle\caches\modules-2\files-2.1\org.jetbrains.kotlin\kotlin-stdlib-jdk7\1.2.60\31f1ea280ab4942ed25f91760d7170c41f78d06f\kotlin-stdlib-jdk7-1.2.60.jar;C:\Users\Administrator\.gradle\caches\transforms-1\files-1.1\design-28.0.0-rc01.aar\e89f8df2ae90b11386bda8e8c973de1e\jars\classes.jar;C:\Users\Administrator\.gradle\caches\transforms-1\files-1.1\calendarview-3.4.7.aar\524b0eadec6be7cb53d43c455a9414b2\jars\classes.jar;C:\Users\Administrator\.gradle\caches\transforms-1\files-1.1\preference-v14-28.0.0-rc01.aar\6f820cac076441ac3d3b93576e3bd19b\jars\classes.jar;C:\Users\Administrator\.gradle\caches\transforms-1\files-1.1\preference-v7-28.0.0-rc01.aar\e0380b25325f1904a4666d5c995eb93a\jars\classes.jar;C:\Users\Administrator\.gradle\caches\transforms-1\files-1.1\appcompat-v7-28.0.0-rc01.aar\70578a46abe2263dbb6c00034996005e\jars\classes.jar;C:\Users\Administrator\.gradle\caches\transforms-1\files-1.1\constraint-layout-1.1.3.aar\e1aad102b5cb34875a0ff190ef719375\jars\classes.jar;C:\Users\Administrator\.gradle\caches\transforms-1\files-1.1\cardview-v7-28.0.0-rc01.aar\d38ef2
java_class_path (initial): C:\Users\Administrator\.gradle\caches\modules-2\files-2.1\org.jetbrains.kotlin\kotlin-compiler-embeddable\1.2.60\98ce8533623aaa36e121844ffddee04fdf401e90\kotlin-compiler-embeddable-1.2.60.jar;C:\Users\Administrator\.gradle\caches\modules-2\files-2.1\org.jetbrains.kotlin\kotlin-reflect\1.2.60\33af8b35817e4c97a477a6a324032e0591d04f36\kotlin-reflect-1.2.60.jar;C:\Users\Administrator\.gradle\caches\modules-2\files-2.1\org.jetbrains.kotlin\kotlin-stdlib\1.2.60\391695759d8fc80042c2c11bc19fc6f2787be495\kotlin-stdlib-1.2.60.jar;C:\Users\Administrator\.gradle\caches\modules-2\files-2.1\org.jetbrains.kotlin\kotlin-script-runtime\1.2.60\f27ad40614f3519cc7b865fc6360b2d7de64f694\kotlin-script-runtime-1.2.60.jar;C:\Users\Administrator\.gradle\caches\modules-2\files-2.1\org.jetbrains.kotlin\kotlin-stdlib-common\1.2.60\d95e6419da840e672342e5d4348f0bdd1d58b84d\kotlin-stdlib-common-1.2.60.jar;C:\Users\Administrator\.gradle\caches\modules-2\files-2.1\org.jetbrains\annotations\13.0\919f0dfe192fb4e063e7dacadee7f8bb9a2672a9\annotations-13.0.jar;D:\AS\jre\lib\tools.jar
Launcher Type: SUN_STANDARD

Environment Variables:
JAVA_HOME=D:\JDK\jdk1.8.0_101
JRE_HOME=D:\JDK\jdk1.8.0_101\jre
PATH=E:\X86AllThings\mysql-5.7.16-winx64\bin;D:\JDK\androidSDK\platform-tools;C:\Windows\system32;C:\Windows;C:\Windows\system32\wbem;D:\NODEjs\;D:\JDK\jdk1.8.0_101;D:\JDK\jdk1.8.0_101\jre ;D:\JDK\jdk1.8.0_101\bin\;D:\JDK\jdk1.8.0_101\jre\bin;D:\GIT\Git\cmd;C:\Users\Administrator\AppData\Roaming\npm;C:\Users\Administrator\AppData\Local\atom\bin
USERNAME=LenGary-L
OS=Windows_NT
PROCESSOR_IDENTIFIER=Intel64 Family 6 Model 58 Stepping 9, GenuineIntel



---------------  S Y S T E M  ---------------

OS: Windows 8.1 , 64 bit Build 9600 (6.3.9600.16656)

CPU:total 4 (initial active 4) (2 cores per cpu, 2 threads per core) family 6 model 58 stepping 9, cmov, cx8, fxsr, mmx, sse, sse2, sse3, ssse3, sse4.1, sse4.2, popcnt, avx, aes, clmul, erms, ht, tsc, tscinvbit, tscinv

Memory: 4k page, physical 8201576k(1883436k free), swap 10823016k(13076k free)

vm_info: OpenJDK 64-Bit Server VM (25.152-b06) for windows-amd64 JRE (1.8.0_152-release-1136-b06), built by "builder" with MS VC++ 10.0 (VS2010)

time: Sun Sep 30 14:58:34 2018
elapsed time: 17 seconds (0d 0h 0m 17s)

