#
# There is insufficient memory for the Java Runtime Environment to continue.
# Native memory allocation (malloc) failed to allocate 32744 bytes for ChunkPool::allocate
# Possible reasons:
#   The system is out of physical RAM or swap space
#   In 32 bit mode, the process size limit was hit
# Possible solutions:
#   Reduce memory load on the system
#   Increase physical memory or swap space
#   Check if swap backing store is full
#   Use 64 bit Java on a 64 bit OS
#   Decrease Java heap size (-Xmx/-Xms)
#   Decrease number of Java threads
#   Decrease Java thread stack sizes (-Xss)
#   Set larger code cache with -XX:ReservedCodeCacheSize=
# This output file may be truncated or incomplete.
#
#  Out of Memory Error (allocation.cpp:273), pid=61696, tid=0x0000000000002ce8
#
# JRE version: OpenJDK Runtime Environment (8.0_152-b06) (build 1.8.0_152-release-1136-b06)
# Java VM: OpenJDK 64-Bit Server VM (25.152-b06 mixed mode windows-amd64 compressed oops)
# Failed to write core dump. Minidumps are not enabled by default on client versions of Windows
#

---------------  T H R E A D  ---------------

Current thread (0x00000000079dd800):  JavaThread "C2 CompilerThread1" daemon [_thread_in_native, id=11496, stack(0x0000000009460000,0x0000000009560000)]

Stack: [0x0000000009460000,0x0000000009560000]
[error occurred during error reporting (printing stack bounds), id 0xc0000005]

Native frames: (J=compiled Java code, j=interpreted, Vv=VM code, C=native code)


Current CompileTask:
C2: 288355 19676       4       org.jetbrains.kotlin.com.intellij.openapi.vfs.impl.jar.CoreJarHandler::<init> (236 bytes)


---------------  P R O C E S S  ---------------

Java Threads: ( => current thread )
  0x000000002355d000 JavaThread "RMI RenewClean-[127.0.0.1:53516,org.jetbrains.kotlin.daemon.common.LoopbackNetworkInterface$ClientLoopbackSocketFactory@333d9a7f]" daemon [_thread_blocked, id=53396, stack(0x00000000207e0000,0x00000000208e0000)]
  0x000000002355c800 JavaThread "RMI TCP Connection(11)-127.0.0.1" daemon [_thread_in_native, id=35896, stack(0x000000000ee50000,0x000000000ef50000)]
  0x000000002355b800 JavaThread "RMI RenewClean-[127.0.0.1:53516,org.jetbrains.kotlin.daemon.common.LoopbackNetworkInterface$ClientLoopbackSocketFactory@7a93d43e]" daemon [_thread_blocked, id=56804, stack(0x000000000a980000,0x000000000aa80000)]
  0x000000002355a000 JavaThread "RMI TCP Connection(idle)" daemon [_thread_blocked, id=70680, stack(0x000000000a880000,0x000000000a980000)]
  0x0000000023556800 JavaThread "RMI TCP Connection(10)-127.0.0.1" daemon [_thread_in_native, id=12148, stack(0x000000000a280000,0x000000000a380000)]
  0x000000000b792000 JavaThread "RMI RenewClean-[127.0.0.1:53516,org.jetbrains.kotlin.daemon.common.LoopbackNetworkInterface$ClientLoopbackSocketFactory@5f6965b2]" daemon [_thread_blocked, id=43444, stack(0x0000000022430000,0x0000000022530000)]
  0x0000000009afc000 JavaThread "RMI Scheduler(0)" daemon [_thread_blocked, id=4800, stack(0x000000000a780000,0x000000000a880000)]
  0x000000000103e800 JavaThread "DestroyJavaVM" [_thread_blocked, id=54928, stack(0x0000000002dc0000,0x0000000002ec0000)]
  0x0000000009aa9000 JavaThread "GC Daemon" daemon [_thread_blocked, id=6484, stack(0x000000000a480000,0x000000000a580000)]
  0x0000000009a74000 JavaThread "RMI Reaper" [_thread_blocked, id=52076, stack(0x000000000a380000,0x000000000a480000)]
  0x0000000009a20800 JavaThread "Timer-0" daemon [_thread_blocked, id=75476, stack(0x000000000a180000,0x000000000a280000)]
  0x0000000009a1d800 JavaThread "RMI TCP Accept-17183" daemon [_thread_in_native, id=6004, stack(0x000000000a080000,0x000000000a180000)]
  0x0000000008d7b000 JavaThread "Service Thread" daemon [_thread_blocked, id=11248, stack(0x0000000009660000,0x0000000009760000)]
  0x00000000079de000 JavaThread "C1 CompilerThread2" daemon [_thread_blocked, id=8484, stack(0x0000000009560000,0x0000000009660000)]
=>0x00000000079dd800 JavaThread "C2 CompilerThread1" daemon [_thread_in_native, id=11496, stack(0x0000000009460000,0x0000000009560000)]
  0x00000000079da000 JavaThread "C2 CompilerThread0" daemon [_thread_blocked, id=48568, stack(0x0000000009360000,0x0000000009460000)]
  0x00000000079d8000 JavaThread "Attach Listener" daemon [_thread_blocked, id=59700, stack(0x0000000009260000,0x0000000009360000)]
  0x000000000798d800 JavaThread "Signal Dispatcher" daemon [_thread_blocked, id=10924, stack(0x0000000009160000,0x0000000009260000)]
  0x0000000002fdb800 JavaThread "Finalizer" daemon [_thread_blocked, id=29252, stack(0x0000000008c00000,0x0000000008d00000)]
  0x0000000002fd2000 JavaThread "Reference Handler" daemon [_thread_blocked, id=64668, stack(0x0000000008b00000,0x0000000008c00000)]

Other Threads:
  0x0000000007945000 VMThread [stack: 0x0000000008a00000,0x0000000008b00000] [id=30852]
  0x0000000008d7d800 WatcherThread [stack: 0x0000000009760000,0x0000000009860000] [id=27052]

VM state:not at safepoint (normal execution)

VM Mutex/Monitor currently owned by a thread: None

Heap:
 PSYoungGen      total 306688K, used 243432K [0x00000000e0000000, 0x00000000f9580000, 0x0000000100000000)
  eden space 239104K, 95% used [0x00000000e0000000,0x00000000edfc51c0,0x00000000ee980000)
  from space 67584K, 21% used [0x00000000ee980000,0x00000000ef775220,0x00000000f2b80000)
  to   space 66048K, 0% used [0x00000000f5500000,0x00000000f5500000,0x00000000f9580000)
 ParOldGen       total 202752K, used 71449K [0x00000000a0000000, 0x00000000ac600000, 0x00000000e0000000)
  object space 202752K, 35% used [0x00000000a0000000,0x00000000a45c64d0,0x00000000ac600000)
 Metaspace       used 84326K, capacity 86288K, committed 86360K, reserved 1126400K
  class space    used 9627K, capacity 10065K, committed 10112K, reserved 1048576K

Card table byte_map: [0x00000000033b0000,0x00000000036c0000] byte_map_base: 0x0000000002eb0000

Marking Bits: (ParMarkBitMap*) 0x00000000553a5aa0
 Begin Bits: [0x0000000003cc0000, 0x00000000054c0000)
 End Bits:   [0x00000000054c0000, 0x0000000006cc0000)

Polling page: 0x0000000002ec0000

CodeCache: size=245760Kb used=55806Kb max_used=56841Kb free=189953Kb
 bounds [0x000000000f010000, 0x00000000127e0000, 0x000000001e010000]
 total_blobs=16551 nmethods=15957 adapters=503
 compilation: enabled

Compilation events (10 events):
Event: 278.343 Thread 0x00000000079de000 nmethod 19670 0x000000000f676250 code [0x000000000f6763c0, 0x000000000f676658]
Event: 281.203 Thread 0x00000000079da000 19672 %     4       sun.nio.fs.WindowsPathParser::normalize @ 18 (233 bytes)
Event: 281.262 Thread 0x00000000079da000 nmethod 19672% 0x000000000f883050 code [0x000000000f883240, 0x000000000f884c58]
Event: 285.054 Thread 0x00000000079de000 19673       3       org.jetbrains.kotlin.com.intellij.openapi.vfs.impl.ZipEntryMap::rehash (96 bytes)
Event: 285.055 Thread 0x00000000079de000 nmethod 19673 0x0000000010afb110 code [0x0000000010afb2a0, 0x0000000010afb6b8]
Event: 286.346 Thread 0x00000000079dd800 19674       4       sun.nio.fs.WindowsPathParser::normalize (233 bytes)
Event: 286.434 Thread 0x00000000079dd800 nmethod 19674 0x00000000106ba110 code [0x00000000106ba300, 0x00000000106bbe18]
Event: 287.865 Thread 0x00000000079da000 19675       4       java.io.File::exists (43 bytes)
Event: 287.869 Thread 0x00000000079da000 nmethod 19675 0x0000000010dba150 code [0x0000000010dba2a0, 0x0000000010dba4a8]
Event: 288.255 Thread 0x00000000079dd800 19676       4       org.jetbrains.kotlin.com.intellij.openapi.vfs.impl.jar.CoreJarHandler::<init> (236 bytes)

GC Heap History (10 events):
Event: 49.974 GC heap before
{Heap before GC invocations=23 (full 5):
 PSYoungGen      total 224256K, used 224254K [0x00000000e0000000, 0x00000000f7300000, 0x0000000100000000)
  eden space 162304K, 100% used [0x00000000e0000000,0x00000000e9e80000,0x00000000e9e80000)
  from space 61952K, 99% used [0x00000000e9e80000,0x00000000edaff978,0x00000000edb00000)
  to   space 78848K, 0% used [0x00000000f2600000,0x00000000f2600000,0x00000000f7300000)
 ParOldGen       total 230912K, used 129113K [0x00000000a0000000, 0x00000000ae180000, 0x00000000e0000000)
  object space 230912K, 55% used [0x00000000a0000000,0x00000000a7e164f8,0x00000000ae180000)
 Metaspace       used 72774K, capacity 74012K, committed 74328K, reserved 1114112K
  class space    used 8533K, capacity 8785K, committed 8832K, reserved 1048576K
Event: 50.043 GC heap after
Heap after GC invocations=23 (full 5):
 PSYoungGen      total 244736K, used 26590K [0x00000000e0000000, 0x00000000f5300000, 0x0000000100000000)
  eden space 198656K, 0% used [0x00000000e0000000,0x00000000e0000000,0x00000000ec200000)
  from space 46080K, 57% used [0x00000000f2600000,0x00000000f3ff7b68,0x00000000f5300000)
  to   space 74240K, 0% used [0x00000000ec200000,0x00000000ec200000,0x00000000f0a80000)
 ParOldGen       total 230912K, used 182618K [0x00000000a0000000, 0x00000000ae180000, 0x00000000e0000000)
  object space 230912K, 79% used [0x00000000a0000000,0x00000000ab256bc8,0x00000000ae180000)
 Metaspace       used 72774K, capacity 74012K, committed 74328K, reserved 1114112K
  class space    used 8533K, capacity 8785K, committed 8832K, reserved 1048576K
}
Event: 51.960 GC heap before
{Heap before GC invocations=24 (full 5):
 PSYoungGen      total 244736K, used 225246K [0x00000000e0000000, 0x00000000f5300000, 0x0000000100000000)
  eden space 198656K, 100% used [0x00000000e0000000,0x00000000ec200000,0x00000000ec200000)
  from space 46080K, 57% used [0x00000000f2600000,0x00000000f3ff7b68,0x00000000f5300000)
  to   space 74240K, 0% used [0x00000000ec200000,0x00000000ec200000,0x00000000f0a80000)
 ParOldGen       total 230912K, used 182618K [0x00000000a0000000, 0x00000000ae180000, 0x00000000e0000000)
  object space 230912K, 79% used [0x00000000a0000000,0x00000000ab256bc8,0x00000000ae180000)
 Metaspace       used 73739K, capacity 75064K, committed 75480K, reserved 1116160K
  class space    used 8629K, capacity 8931K, committed 8960K, reserved 1048576K
Event: 52.003 GC heap after
Heap after GC invocations=24 (full 5):
 PSYoungGen      total 272896K, used 21815K [0x00000000e0000000, 0x00000000f7800000, 0x0000000100000000)
  eden space 198656K, 0% used [0x00000000e0000000,0x00000000e0000000,0x00000000ec200000)
  from space 74240K, 29% used [0x00000000ec200000,0x00000000ed74dc90,0x00000000f0a80000)
  to   space 71168K, 0% used [0x00000000f3280000,0x00000000f3280000,0x00000000f7800000)
 ParOldGen       total 230912K, used 208175K [0x00000000a0000000, 0x00000000ae180000, 0x00000000e0000000)
  object space 230912K, 90% used [0x00000000a0000000,0x00000000acb4be40,0x00000000ae180000)
 Metaspace       used 73739K, capacity 75064K, committed 75480K, reserved 1116160K
  class space    used 8629K, capacity 8931K, committed 8960K, reserved 1048576K
}
Event: 52.003 GC heap before
{Heap before GC invocations=25 (full 6):
 PSYoungGen      total 272896K, used 21815K [0x00000000e0000000, 0x00000000f7800000, 0x0000000100000000)
  eden space 198656K, 0% used [0x00000000e0000000,0x00000000e0000000,0x00000000ec200000)
  from space 74240K, 29% used [0x00000000ec200000,0x00000000ed74dc90,0x00000000f0a80000)
  to   space 71168K, 0% used [0x00000000f3280000,0x00000000f3280000,0x00000000f7800000)
 ParOldGen       total 230912K, used 208175K [0x00000000a0000000, 0x00000000ae180000, 0x00000000e0000000)
  object space 230912K, 90% used [0x00000000a0000000,0x00000000acb4be40,0x00000000ae180000)
 Metaspace       used 73739K, capacity 75064K, committed 75480K, reserved 1116160K
  class space    used 8629K, capacity 8931K, committed 8960K, reserved 1048576K
Event: 52.227 GC heap after
Heap after GC invocations=25 (full 6):
 PSYoungGen      total 272896K, used 0K [0x00000000e0000000, 0x00000000f7800000, 0x0000000100000000)
  eden space 198656K, 0% used [0x00000000e0000000,0x00000000e0000000,0x00000000ec200000)
  from space 74240K, 0% used [0x00000000ec200000,0x00000000ec200000,0x00000000f0a80000)
  to   space 71168K, 0% used [0x00000000f3280000,0x00000000f3280000,0x00000000f7800000)
 ParOldGen       total 202752K, used 51331K [0x00000000a0000000, 0x00000000ac600000, 0x00000000e0000000)
  object space 202752K, 25% used [0x00000000a0000000,0x00000000a3220e18,0x00000000ac600000)
 Metaspace       used 73739K, capacity 75064K, committed 75480K, reserved 1116160K
  class space    used 8629K, capacity 8931K, committed 8960K, reserved 1048576K
}
Event: 56.375 GC heap before
{Heap before GC invocations=26 (full 6):
 PSYoungGen      total 272896K, used 198656K [0x00000000e0000000, 0x00000000f7800000, 0x0000000100000000)
  eden space 198656K, 100% used [0x00000000e0000000,0x00000000ec200000,0x00000000ec200000)
  from space 74240K, 0% used [0x00000000ec200000,0x00000000ec200000,0x00000000f0a80000)
  to   space 71168K, 0% used [0x00000000f3280000,0x00000000f3280000,0x00000000f7800000)
 ParOldGen       total 202752K, used 51331K [0x00000000a0000000, 0x00000000ac600000, 0x00000000e0000000)
  object space 202752K, 25% used [0x00000000a0000000,0x00000000a3220e18,0x00000000ac600000)
 Metaspace       used 77017K, capacity 78756K, committed 78808K, reserved 1118208K
  class space    used 9012K, capacity 9425K, committed 9472K, reserved 1048576K
Event: 56.412 GC heap after
Heap after GC invocations=26 (full 6):
 PSYoungGen      total 299520K, used 24555K [0x00000000e0000000, 0x00000000f6d80000, 0x0000000100000000)
  eden space 239104K, 0% used [0x00000000e0000000,0x00000000e0000000,0x00000000ee980000)
  from space 60416K, 40% used [0x00000000f3280000,0x00000000f4a7ac80,0x00000000f6d80000)
  to   space 67584K, 0% used [0x00000000ee980000,0x00000000ee980000,0x00000000f2b80000)
 ParOldGen       total 202752K, used 51339K [0x00000000a0000000, 0x00000000ac600000, 0x00000000e0000000)
  object space 202752K, 25% used [0x00000000a0000000,0x00000000a3222e18,0x00000000ac600000)
 Metaspace       used 77017K, capacity 78756K, committed 78808K, reserved 1118208K
  class space    used 9012K, capacity 9425K, committed 9472K, reserved 1048576K
}
Event: 62.576 GC heap before
{Heap before GC invocations=27 (full 6):
 PSYoungGen      total 299520K, used 263659K [0x00000000e0000000, 0x00000000f6d80000, 0x0000000100000000)
  eden space 239104K, 100% used [0x00000000e0000000,0x00000000ee980000,0x00000000ee980000)
  from space 60416K, 40% used [0x00000000f3280000,0x00000000f4a7ac80,0x00000000f6d80000)
  to   space 67584K, 0% used [0x00000000ee980000,0x00000000ee980000,0x00000000f2b80000)
 ParOldGen       total 202752K, used 51339K [0x00000000a0000000, 0x00000000ac600000, 0x00000000e0000000)
  object space 202752K, 25% used [0x00000000a0000000,0x00000000a3222e18,0x00000000ac600000)
 Metaspace       used 82580K, capacity 84494K, committed 84696K, reserved 1124352K
  class space    used 9482K, capacity 9918K, committed 9984K, reserved 1048576K
Event: 62.618 GC heap after
Heap after GC invocations=27 (full 6):
 PSYoungGen      total 306688K, used 14292K [0x00000000e0000000, 0x00000000f9580000, 0x0000000100000000)
  eden space 239104K, 0% used [0x00000000e0000000,0x00000000e0000000,0x00000000ee980000)
  from space 67584K, 21% used [0x00000000ee980000,0x00000000ef775220,0x00000000f2b80000)
  to   space 66048K, 0% used [0x00000000f5500000,0x00000000f5500000,0x00000000f9580000)
 ParOldGen       total 202752K, used 71449K [0x00000000a0000000, 0x00000000ac600000, 0x00000000e0000000)
  object space 202752K, 35% used [0x00000000a0000000,0x00000000a45c64d0,0x00000000ac600000)
 Metaspace       used 82580K, capacity 84494K, committed 84696K, reserved 1124352K
  class space    used 9482K, capacity 9918K, committed 9984K, reserved 1048576K
}

Deoptimization events (10 events):
Event: 255.687 Thread 0x000000002355a000 Uncommon trap: reason=bimorphic action=maybe_recompile pc=0x0000000010f26f00 method=com.sun.tools.javac.tree.Pretty.visitSelect(Lcom/sun/tools/javac/tree/JCTree$JCFieldAccess;)V @ 34
Event: 255.687 Thread 0x000000002355a000 Uncommon trap: reason=bimorphic action=maybe_recompile pc=0x0000000010f26f00 method=com.sun.tools.javac.tree.Pretty.visitSelect(Lcom/sun/tools/javac/tree/JCTree$JCFieldAccess;)V @ 34
Event: 255.687 Thread 0x000000002355a000 Uncommon trap: reason=bimorphic action=maybe_recompile pc=0x0000000010f26f00 method=com.sun.tools.javac.tree.Pretty.visitSelect(Lcom/sun/tools/javac/tree/JCTree$JCFieldAccess;)V @ 34
Event: 255.687 Thread 0x000000002355a000 Uncommon trap: reason=bimorphic action=maybe_recompile pc=0x0000000010f26f00 method=com.sun.tools.javac.tree.Pretty.visitSelect(Lcom/sun/tools/javac/tree/JCTree$JCFieldAccess;)V @ 34
Event: 255.697 Thread 0x000000002355a000 Uncommon trap: reason=bimorphic action=maybe_recompile pc=0x000000000fa8ab58 method=org.jetbrains.kotlin.protobuf.CodedOutputStream.refreshBuffer()V @ 28
Event: 257.517 Thread 0x000000002355a000 Uncommon trap: reason=unstable_if action=reinterpret pc=0x000000001168ac30 method=org.jetbrains.kotlin.protobuf.SmallSortedMap.binarySearchInArray(Ljava/lang/Comparable;)I @ 44
Event: 270.066 Thread 0x000000002355c800 Uncommon trap: reason=class_check action=maybe_recompile pc=0x00000000127380e0 method=java.lang.reflect.Array.newInstance(Ljava/lang/Class;I)Ljava/lang/Object; @ 2
Event: 271.152 Thread 0x000000002355c800 Uncommon trap: reason=class_check action=maybe_recompile pc=0x00000000127380e0 method=java.lang.reflect.Array.newInstance(Ljava/lang/Class;I)Ljava/lang/Object; @ 2
Event: 274.816 Thread 0x000000002355c800 Uncommon trap: reason=class_check action=maybe_recompile pc=0x0000000010d14398 method=org.jetbrains.kotlin.cli.jvm.index.JvmDependenciesIndexImpl.getRoots()Ljava/util/List; @ 19
Event: 277.228 Thread 0x000000002355c800 Uncommon trap: reason=bimorphic action=maybe_recompile pc=0x00000000126bc868 method=org.jetbrains.kotlin.com.intellij.openapi.util.ThreadLocalCachedValue.getValue()Ljava/lang/Object; @ 19

Classes redefined (0 events):
No events

Internal exceptions (10 events):
Event: 248.172 Thread 0x000000002355a000 Exception <a 'sun/nio/fs/WindowsException'> (0x00000000e6e965a0) thrown at [D:\src\AOSP-openjdk-cygwin\jdk8u\hotspot\src\share\vm\prims\jni.cpp, line 709]
Event: 248.173 Thread 0x000000002355a000 Exception <a 'sun/nio/fs/WindowsException'> (0x00000000e6e9a000) thrown at [D:\src\AOSP-openjdk-cygwin\jdk8u\hotspot\src\share\vm\prims\jni.cpp, line 709]
Event: 248.173 Thread 0x000000002355a000 Exception <a 'java/io/FileNotFoundException'> (0x00000000e6e9b248) thrown at [D:\src\AOSP-openjdk-cygwin\jdk8u\hotspot\src\share\vm\prims\jni.cpp, line 709]
Event: 248.173 Thread 0x000000002355a000 Exception <a 'java/io/FileNotFoundException'> (0x00000000e6e9c6e8) thrown at [D:\src\AOSP-openjdk-cygwin\jdk8u\hotspot\src\share\vm\prims\jni.cpp, line 709]
Event: 271.159 Thread 0x000000002355d000 Exception <a 'java/lang/InterruptedException'> (0x00000000ed6639c8) thrown at [D:\src\AOSP-openjdk-cygwin\jdk8u\hotspot\src\share\vm\runtime\objectMonitor.cpp, line 1684]
Event: 277.832 Thread 0x000000002355c800 Exception <a 'java/io/FileNotFoundException'> (0x00000000ed7cad38) thrown at [D:\src\AOSP-openjdk-cygwin\jdk8u\hotspot\src\share\vm\prims\jni.cpp, line 709]
Event: 277.832 Thread 0x000000002355c800 Exception <a 'sun/nio/fs/WindowsException'> (0x00000000ed7cc018) thrown at [D:\src\AOSP-openjdk-cygwin\jdk8u\hotspot\src\share\vm\prims\jni.cpp, line 709]
Event: 277.836 Thread 0x000000002355c800 Exception <a 'sun/nio/fs/WindowsException'> (0x00000000ed7cf9d0) thrown at [D:\src\AOSP-openjdk-cygwin\jdk8u\hotspot\src\share\vm\prims\jni.cpp, line 709]
Event: 277.836 Thread 0x000000002355c800 Exception <a 'java/io/FileNotFoundException'> (0x00000000ed7d0bc0) thrown at [D:\src\AOSP-openjdk-cygwin\jdk8u\hotspot\src\share\vm\prims\jni.cpp, line 709]
Event: 277.837 Thread 0x000000002355c800 Exception <a 'java/io/FileNotFoundException'> (0x00000000ed7d1f68) thrown at [D:\src\AOSP-openjdk-cygwin\jdk8u\hotspot\src\share\vm\prims\jni.cpp, line 709]

Events (10 events):
Event: 286.346 Thread 0x000000002355c800 DEOPT UNPACKING pc=0x000000000f0575d0 sp=0x000000000ef4a5d8 mode 0
Event: 286.435 Thread 0x00000000079dd800 flushing nmethod 0x0000000010152690
Event: 286.435 Thread 0x00000000079dd800 flushing nmethod 0x000000001026d290
Event: 286.435 Thread 0x00000000079dd800 flushing nmethod 0x000000001026fe50
Event: 286.436 Thread 0x00000000079dd800 flushing nmethod 0x00000000102948d0
Event: 287.870 Thread 0x00000000079da000 flushing nmethod 0x00000000103c5750
Event: 287.870 Thread 0x00000000079da000 flushing nmethod 0x0000000010460910
Event: 287.871 Thread 0x00000000079da000 flushing nmethod 0x00000000105f7a90
Event: 288.255 Thread 0x000000002355c800 DEOPT PACKING pc=0x000000000fdfe65a sp=0x000000000ef4b1e0
Event: 288.255 Thread 0x000000002355c800 DEOPT UNPACKING pc=0x000000000f0575d0 sp=0x000000000ef4afe8 mode 0


Dynamic libraries:
0x00007ff60ff40000 - 0x00007ff60ff71000 	D:\AS\jre\jre\bin\java.exe
0x00007ffd64760000 - 0x00007ffd64909000 	C:\Windows\SYSTEM32\ntdll.dll
0x00007ffd63310000 - 0x00007ffd63449000 	C:\Windows\system32\KERNEL32.DLL
0x00007ffd61b40000 - 0x00007ffd61c4e000 	C:\Windows\system32\KERNELBASE.dll
0x00007ffd63460000 - 0x00007ffd63505000 	C:\Windows\system32\ADVAPI32.dll
0x00007ffd63910000 - 0x00007ffd63a81000 	C:\Windows\system32\USER32.dll
0x00007ffd5f3d0000 - 0x00007ffd5f62a000 	C:\Windows\WinSxS\amd64_microsoft.windows.common-controls_6595b64144ccf1df_6.0.9600.16384_none_62475f7becb72503\COMCTL32.dll
0x00007ffd63a90000 - 0x00007ffd63b37000 	C:\Windows\system32\msvcrt.dll
0x00007ffd64180000 - 0x00007ffd641d7000 	C:\Windows\SYSTEM32\sechost.dll
0x00007ffd64620000 - 0x00007ffd64756000 	C:\Windows\system32\RPCRT4.dll
0x00007ffd63120000 - 0x00007ffd63265000 	C:\Windows\system32\GDI32.dll
0x00007ffd64290000 - 0x00007ffd642c4000 	C:\Windows\system32\IMM32.DLL
0x00007ffd64360000 - 0x00007ffd64498000 	C:\Windows\system32\MSCTF.dll
0x00007ffd616c0000 - 0x00007ffd616f1000 	C:\Windows\system32\nvinitx.dll
0x000000000f000000 - 0x000000000f006000 	C:\Program Files\NVIDIA Corporation\CoProcManager\_etoured.dll
0x00007ffd5ff70000 - 0x00007ffd5ffa2000 	C:\Program Files\NVIDIA Corporation\CoProcManager\nvd3d9wrapx.dll
0x00007ffd63d00000 - 0x00007ffd63ed6000 	C:\Windows\system32\SETUPAPI.dll
0x00007ffd61af0000 - 0x00007ffd61b3a000 	C:\Windows\system32\CFGMGR32.dll
0x00007ffd5fdb0000 - 0x00007ffd5fdd2000 	C:\Program Files\NVIDIA Corporation\CoProcManager\nvdxgiwrapx.dll
0x0000000054a20000 - 0x0000000054af2000 	D:\AS\jre\jre\bin\msvcr100.dll
0x0000000054be0000 - 0x0000000055421000 	D:\AS\jre\jre\bin\server\jvm.dll
0x00007ffd595f0000 - 0x00007ffd595f9000 	C:\Windows\SYSTEM32\WSOCK32.dll
0x0000000002d80000 - 0x0000000002d9f000 	C:\Windows\system32\WINMM.dll
0x00007ffd5f730000 - 0x00007ffd5f73a000 	C:\Windows\SYSTEM32\VERSION.dll
0x00007ffd63450000 - 0x00007ffd63457000 	C:\Windows\system32\PSAPI.DLL
0x00007ffd642e0000 - 0x00007ffd64338000 	C:\Windows\system32\WS2_32.dll
0x00007ffd61810000 - 0x00007ffd6183a000 	C:\Windows\system32\WINMMBASE.dll
0x00007ffd637f0000 - 0x00007ffd637f9000 	C:\Windows\system32\NSI.dll
0x00007ffd617c0000 - 0x00007ffd617e6000 	C:\Windows\system32\DEVOBJ.dll
0x00007ffd5fde0000 - 0x00007ffd5fdef000 	D:\AS\jre\jre\bin\verify.dll
0x00007ffd5e8d0000 - 0x00007ffd5e8f9000 	D:\AS\jre\jre\bin\java.dll
0x00007ffd5fb40000 - 0x00007ffd5fb56000 	D:\AS\jre\jre\bin\zip.dll
0x00007ffd61d10000 - 0x00007ffd6311f000 	C:\Windows\system32\SHELL32.dll
0x00007ffd63f40000 - 0x00007ffd64117000 	C:\Windows\SYSTEM32\combase.dll
0x00007ffd64120000 - 0x00007ffd64171000 	C:\Windows\system32\SHLWAPI.dll
0x00007ffd602a0000 - 0x00007ffd60341000 	C:\Windows\SYSTEM32\SHCORE.dll
0x00007ffd61710000 - 0x00007ffd61724000 	C:\Windows\SYSTEM32\profapi.dll
0x00007ffd5ee10000 - 0x00007ffd5ee1d000 	D:\AS\jre\jre\bin\management.dll
0x00007ffd5f7b0000 - 0x00007ffd5f7ca000 	D:\AS\jre\jre\bin\net.dll
0x00007ffd60f20000 - 0x00007ffd60f78000 	C:\Windows\system32\mswsock.dll
0x00007ffd5ee70000 - 0x00007ffd5ee81000 	D:\AS\jre\jre\bin\nio.dll
0x00007ffd60f80000 - 0x00007ffd60f9e000 	C:\Windows\SYSTEM32\CRYPTSP.dll
0x00007ffd60bc0000 - 0x00007ffd60bf5000 	C:\Windows\system32\rsaenh.dll
0x00007ffd611f0000 - 0x00007ffd61216000 	C:\Windows\SYSTEM32\bcrypt.dll
0x00007ffd60cd0000 - 0x00007ffd60cef000 	C:\Windows\SYSTEM32\USERENV.dll
0x00007ffd61530000 - 0x00007ffd6158e000 	C:\Windows\system32\bcryptprimitives.dll
0x00007ffd61590000 - 0x00007ffd6159a000 	C:\Windows\SYSTEM32\CRYPTBASE.dll
0x00007ffd5b890000 - 0x00007ffd5b8b9000 	C:\Windows\SYSTEM32\IPHLPAPI.DLL
0x00007ffd5b860000 - 0x00007ffd5b86a000 	C:\Windows\SYSTEM32\WINNSI.DLL
0x00007ffd5b410000 - 0x00007ffd5b424000 	C:\Windows\SYSTEM32\dhcpcsvc6.DLL
0x00007ffd5b3f0000 - 0x00007ffd5b409000 	C:\Windows\SYSTEM32\dhcpcsvc.DLL
0x000000006adc0000 - 0x000000006aeb2000 	C:\Users\Administrator\AppData\Local\Temp\room-ffa4d84f-4bce-49b6-be4e-9ccf8ce24a9b\sqlite-3.20.1-46f3eb15-1a91-4a04-8101-084a51df9da2-sqlitejdbc.dll

VM Arguments:
jvm_args: -Djava.awt.headless=true -Djava.rmi.server.hostname=127.0.0.1 -Xmx1536m -Dkotlin.environment.keepalive 
java_command: org.jetbrains.kotlin.daemon.KotlinCompileDaemon --daemon-runFilesPath C:\Users\Administrator\AppData\Local\kotlin\daemon --daemon-autoshutdownIdleSeconds=7200 --daemon-compilerClasspath C:\Users\Administrator\.gradle\caches\modules-2\files-2.1\org.jetbrains.kotlin\kotlin-compiler-embeddable\1.2.60\98ce8533623aaa36e121844ffddee04fdf401e90\kotlin-compiler-embeddable-1.2.60.jar;C:\Users\Administrator\.gradle\caches\modules-2\files-2.1\org.jetbrains.kotlin\kotlin-reflect\1.2.60\33af8b35817e4c97a477a6a324032e0591d04f36\kotlin-reflect-1.2.60.jar;C:\Users\Administrator\.gradle\caches\modules-2\files-2.1\org.jetbrains.kotlin\kotlin-stdlib\1.2.60\391695759d8fc80042c2c11bc19fc6f2787be495\kotlin-stdlib-1.2.60.jar;C:\Users\Administrator\.gradle\caches\modules-2\files-2.1\org.jetbrains.kotlin\kotlin-script-runtime\1.2.60\f27ad40614f3519cc7b865fc6360b2d7de64f694\kotlin-script-runtime-1.2.60.jar;C:\Users\Administrator\.gradle\caches\modules-2\files-2.1\org.jetbrains.kotlin\kotlin-stdlib-common\1.2.60\d95e6419da840e672342e5d4348f0bdd1d58b84d\kotlin-stdlib-common-1.2.60.jar;C:\Users\Administrator\.gradle\caches\modules-2\files-2.1\org.jetbrains\annotations\13.0\919f0dfe192fb4e063e7dacadee7f8bb9a2672a9\annotations-13.0.jar;D:\AS\jre\lib\tools.jar
java_class_path (initial): C:\Users\Administrator\.gradle\caches\modules-2\files-2.1\org.jetbrains.kotlin\kotlin-compiler-embeddable\1.2.60\98ce8533623aaa36e121844ffddee04fdf401e90\kotlin-compiler-embeddable-1.2.60.jar;C:\Users\Administrator\.gradle\caches\modules-2\files-2.1\org.jetbrains.kotlin\kotlin-reflect\1.2.60\33af8b35817e4c97a477a6a324032e0591d04f36\kotlin-reflect-1.2.60.jar;C:\Users\Administrator\.gradle\caches\modules-2\files-2.1\org.jetbrains.kotlin\kotlin-stdlib\1.2.60\391695759d8fc80042c2c11bc19fc6f2787be495\kotlin-stdlib-1.2.60.jar;C:\Users\Administrator\.gradle\caches\modules-2\files-2.1\org.jetbrains.kotlin\kotlin-script-runtime\1.2.60\f27ad40614f3519cc7b865fc6360b2d7de64f694\kotlin-script-runtime-1.2.60.jar;C:\Users\Administrator\.gradle\caches\modules-2\files-2.1\org.jetbrains.kotlin\kotlin-stdlib-common\1.2.60\d95e6419da840e672342e5d4348f0bdd1d58b84d\kotlin-stdlib-common-1.2.60.jar;C:\Users\Administrator\.gradle\caches\modules-2\files-2.1\org.jetbrains\annotations\13.0\919f0dfe192fb4e063e7dacadee7f8bb9a2672a9\annotations-13.0.jar;D:\AS\jre\lib\tools.jar
Launcher Type: SUN_STANDARD

Environment Variables:
JAVA_HOME=D:\JDK\jdk1.8.0_101
JRE_HOME=D:\JDK\jdk1.8.0_101\jre
PATH=E:\X86AllThings\mysql-5.7.16-winx64\bin;D:\JDK\androidSDK\platform-tools;C:\Windows\system32;C:\Windows;C:\Windows\system32\wbem;D:\NODEjs\;D:\JDK\jdk1.8.0_101;D:\JDK\jdk1.8.0_101\jre ;D:\JDK\jdk1.8.0_101\bin\;D:\JDK\jdk1.8.0_101\jre\bin;D:\GIT\Git\cmd;C:\Users\Administrator\AppData\Roaming\npm;C:\Users\Administrator\AppData\Local\atom\bin
USERNAME=LenGary-L
OS=Windows_NT
PROCESSOR_IDENTIFIER=Intel64 Family 6 Model 58 Stepping 9, GenuineIntel



---------------  S Y S T E M  ---------------

OS: Windows 8.1 , 64 bit Build 9600 (6.3.9600.16656)

CPU:total 4 (initial active 4) (2 cores per cpu, 2 threads per core) family 6 model 58 stepping 9, cmov, cx8, fxsr, mmx, sse, sse2, sse3, ssse3, sse4.1, sse4.2, popcnt, avx, aes, clmul, erms, ht, tsc, tscinvbit, tscinv

Memory: 4k page, physical 8201576k(1551520k free), swap 10823016k(4104k free)

vm_info: OpenJDK 64-Bit Server VM (25.152-b06) for windows-amd64 JRE (1.8.0_152-release-1136-b06), built by "builder" with MS VC++ 10.0 (VS2010)

time: Sun Sep 30 15:09:58 2018
elapsed time: 288 seconds (0d 0h 4m 48s)

