#
# There is insufficient memory for the Java Runtime Environment to continue.
# Native memory allocation (malloc) failed to allocate 224016 bytes for Chunk::new
# Possible reasons:
#   The system is out of physical RAM or swap space
#   In 32 bit mode, the process size limit was hit
# Possible solutions:
#   Reduce memory load on the system
#   Increase physical memory or swap space
#   Check if swap backing store is full
#   Use 64 bit Java on a 64 bit OS
#   Decrease Java heap size (-Xmx/-Xms)
#   Decrease number of Java threads
#   Decrease Java thread stack sizes (-Xss)
#   Set larger code cache with -XX:ReservedCodeCacheSize=
# This output file may be truncated or incomplete.
#
#  Out of Memory Error (allocation.cpp:390), pid=18996, tid=0x000000000000308c
#
# JRE version: OpenJDK Runtime Environment (8.0_152-b06) (build 1.8.0_152-release-1136-b06)
# Java VM: OpenJDK 64-Bit Server VM (25.152-b06 mixed mode windows-amd64 compressed oops)
# Failed to write core dump. Minidumps are not enabled by default on client versions of Windows
#

---------------  T H R E A D  ---------------

Current thread (0x0000000009c83800):  JavaThread "C2 CompilerThread0" daemon [_thread_in_native, id=12428, stack(0x000000000a240000,0x000000000a340000)]

Stack: [0x000000000a240000,0x000000000a340000]
[error occurred during error reporting (printing stack bounds), id 0xc0000005]

Native frames: (J=compiled Java code, j=interpreted, Vv=VM code, C=native code)


Current CompileTask:
C2:  17605 8571       4       org.jetbrains.kotlin.types.TypeUtils::contains (231 bytes)


---------------  P R O C E S S  ---------------

Java Threads: ( => current thread )
  0x0000000008938800 JavaThread "Service Thread" daemon [_thread_blocked, id=70924, stack(0x000000000a540000,0x000000000a640000)]
  0x000000000891c800 JavaThread "C1 CompilerThread2" daemon [_thread_blocked, id=58720, stack(0x000000000a440000,0x000000000a540000)]
  0x000000000890d000 JavaThread "C2 CompilerThread1" daemon [_thread_in_native, id=66184, stack(0x000000000a340000,0x000000000a440000)]
=>0x0000000009c83800 JavaThread "C2 CompilerThread0" daemon [_thread_in_native, id=12428, stack(0x000000000a240000,0x000000000a340000)]
  0x00000000088f7800 JavaThread "Attach Listener" daemon [_thread_blocked, id=34940, stack(0x000000000a140000,0x000000000a240000)]
  0x00000000088f7000 JavaThread "Signal Dispatcher" daemon [_thread_blocked, id=38728, stack(0x000000000a040000,0x000000000a140000)]
  0x00000000088cf800 JavaThread "Finalizer" daemon [_thread_blocked, id=47600, stack(0x0000000009b40000,0x0000000009c40000)]
  0x0000000002e5b000 JavaThread "Reference Handler" daemon [_thread_blocked, id=56628, stack(0x0000000009a40000,0x0000000009b40000)]
  0x0000000002d6a800 JavaThread "main" [_thread_in_Java, id=29648, stack(0x0000000002b70000,0x0000000002c70000)]

Other Threads:
  0x00000000088a4800 VMThread [stack: 0x0000000009940000,0x0000000009a40000] [id=76924]
  0x0000000008922800 WatcherThread [stack: 0x000000000a640000,0x000000000a740000] [id=52600]

VM state:not at safepoint (normal execution)

VM Mutex/Monitor currently owned by a thread: None

Heap:
 PSYoungGen      total 109568K, used 86994K [0x00000000d6400000, 0x00000000de900000, 0x0000000100000000)
  eden space 88576K, 74% used [0x00000000d6400000,0x00000000da479a30,0x00000000dba80000)
  from space 20992K, 99% used [0x00000000dba80000,0x00000000dcefae78,0x00000000dcf00000)
  to   space 18944K, 0% used [0x00000000dcf00000,0x00000000dcf00000,0x00000000de180000)
 ParOldGen       total 124928K, used 38436K [0x0000000082c00000, 0x000000008a600000, 0x00000000d6400000)
  object space 124928K, 30% used [0x0000000082c00000,0x0000000085189288,0x000000008a600000)
 Metaspace       used 49792K, capacity 50709K, committed 51032K, reserved 1093632K
  class space    used 5960K, capacity 6163K, committed 6272K, reserved 1048576K

Card table byte_map: [0x0000000003220000,0x0000000003610000] byte_map_base: 0x0000000002e0a000

Marking Bits: (ParMarkBitMap*) 0x00000000553a5aa0
 Begin Bits: [0x0000000003cb0000, 0x0000000005c00000)
 End Bits:   [0x0000000005c00000, 0x0000000007b50000)

Polling page: 0x0000000000ba0000

CodeCache: size=245760Kb used=26811Kb max_used=27375Kb free=218948Kb
 bounds [0x000000000f010000, 0x0000000010af0000, 0x000000001e010000]
 total_blobs=8076 nmethods=7600 adapters=387
 compilation: enabled

Compilation events (10 events):
Event: 17.596 Thread 0x000000000891c800 8596       3       org.jetbrains.kotlin.codegen.inline.MaxLocalsCalculator::updateMaxLocals (14 bytes)
Event: 17.596 Thread 0x000000000891c800 nmethod 8596 0x000000000f994f90 code [0x000000000f9950e0, 0x000000000f995270]
Event: 17.596 Thread 0x000000000891c800 8597       3       org.jetbrains.kotlin.codegen.state.TypeMappingUtil$isMethodWithDeclarationSiteWildcards$1::invoke (12 bytes)
Event: 17.596 Thread 0x000000000891c800 nmethod 8597 0x000000000f845d90 code [0x000000000f845f60, 0x000000000f846538]
Event: 17.597 Thread 0x000000000891c800 8598       3       org.jetbrains.org.objectweb.asm.tree.InsnList::<init> (5 bytes)
Event: 17.597 Thread 0x000000000891c800 nmethod 8598 0x000000000feefd50 code [0x000000000feefea0, 0x000000000fef0050]
Event: 17.598 Thread 0x000000000891c800 8599       3       org.jetbrains.kotlin.codegen.JvmCodegenUtil::getDirectMember (5 bytes)
Event: 17.598 Thread 0x000000000891c800 nmethod 8599 0x000000000fb74110 code [0x000000000fb742a0, 0x000000000fb74770]
Event: 17.600 Thread 0x000000000890d000 nmethod 8565 0x000000000f396390 code [0x000000000f396580, 0x000000000f3972b8]
Event: 17.600 Thread 0x000000000890d000 8600       4       org.jetbrains.kotlin.com.intellij.psi.impl.file.PsiDirectoryImpl::getParentDirectory (84 bytes)

GC Heap History (10 events):
Event: 8.004 GC heap before
{Heap before GC invocations=7 (full 1):
 PSYoungGen      total 70656K, used 46059K [0x00000000d6400000, 0x00000000dc600000, 0x0000000100000000)
  eden space 65536K, 62% used [0x00000000d6400000,0x00000000d8bfb250,0x00000000da400000)
  from space 5120K, 99% used [0x00000000da400000,0x00000000da8ffb18,0x00000000da900000)
  to   space 16896K, 0% used [0x00000000db580000,0x00000000db580000,0x00000000dc600000)
 ParOldGen       total 65024K, used 24015K [0x0000000082c00000, 0x0000000086b80000, 0x00000000d6400000)
  object space 65024K, 36% used [0x0000000082c00000,0x0000000084373e90,0x0000000086b80000)
 Metaspace       used 34482K, capacity 35023K, committed 35416K, reserved 1081344K
  class space    used 4309K, capacity 4480K, committed 4480K, reserved 1048576K
Event: 8.017 GC heap after
Heap after GC invocations=7 (full 1):
 PSYoungGen      total 82944K, used 13691K [0x00000000d6400000, 0x00000000dde00000, 0x0000000100000000)
  eden space 66048K, 0% used [0x00000000d6400000,0x00000000d6400000,0x00000000da480000)
  from space 16896K, 81% used [0x00000000db580000,0x00000000dc2deda8,0x00000000dc600000)
  to   space 17408K, 0% used [0x00000000da480000,0x00000000da480000,0x00000000db580000)
 ParOldGen       total 65024K, used 24023K [0x0000000082c00000, 0x0000000086b80000, 0x00000000d6400000)
  object space 65024K, 36% used [0x0000000082c00000,0x0000000084375e90,0x0000000086b80000)
 Metaspace       used 34482K, capacity 35023K, committed 35416K, reserved 1081344K
  class space    used 4309K, capacity 4480K, committed 4480K, reserved 1048576K
}
Event: 8.017 GC heap before
{Heap before GC invocations=8 (full 2):
 PSYoungGen      total 82944K, used 13691K [0x00000000d6400000, 0x00000000dde00000, 0x0000000100000000)
  eden space 66048K, 0% used [0x00000000d6400000,0x00000000d6400000,0x00000000da480000)
  from space 16896K, 81% used [0x00000000db580000,0x00000000dc2deda8,0x00000000dc600000)
  to   space 17408K, 0% used [0x00000000da480000,0x00000000da480000,0x00000000db580000)
 ParOldGen       total 65024K, used 24023K [0x0000000082c00000, 0x0000000086b80000, 0x00000000d6400000)
  object space 65024K, 36% used [0x0000000082c00000,0x0000000084375e90,0x0000000086b80000)
 Metaspace       used 34482K, capacity 35023K, committed 35416K, reserved 1081344K
  class space    used 4309K, capacity 4480K, committed 4480K, reserved 1048576K
Event: 8.127 GC heap after
Heap after GC invocations=8 (full 2):
 PSYoungGen      total 82944K, used 0K [0x00000000d6400000, 0x00000000dde00000, 0x0000000100000000)
  eden space 66048K, 0% used [0x00000000d6400000,0x00000000d6400000,0x00000000da480000)
  from space 16896K, 0% used [0x00000000db580000,0x00000000db580000,0x00000000dc600000)
  to   space 17408K, 0% used [0x00000000da480000,0x00000000da480000,0x00000000db580000)
 ParOldGen       total 124928K, used 31488K [0x0000000082c00000, 0x000000008a600000, 0x00000000d6400000)
  object space 124928K, 25% used [0x0000000082c00000,0x0000000084ac0170,0x000000008a600000)
 Metaspace       used 34482K, capacity 35023K, committed 35416K, reserved 1081344K
  class space    used 4309K, capacity 4480K, committed 4480K, reserved 1048576K
}
Event: 9.903 GC heap before
{Heap before GC invocations=9 (full 2):
 PSYoungGen      total 82944K, used 66048K [0x00000000d6400000, 0x00000000dde00000, 0x0000000100000000)
  eden space 66048K, 100% used [0x00000000d6400000,0x00000000da480000,0x00000000da480000)
  from space 16896K, 0% used [0x00000000db580000,0x00000000db580000,0x00000000dc600000)
  to   space 17408K, 0% used [0x00000000da480000,0x00000000da480000,0x00000000db580000)
 ParOldGen       total 124928K, used 31488K [0x0000000082c00000, 0x000000008a600000, 0x00000000d6400000)
  object space 124928K, 25% used [0x0000000082c00000,0x0000000084ac0170,0x000000008a600000)
 Metaspace       used 37512K, capacity 38055K, committed 38360K, reserved 1083392K
  class space    used 4658K, capacity 4825K, committed 4864K, reserved 1048576K
Event: 9.917 GC heap after
Heap after GC invocations=9 (full 2):
 PSYoungGen      total 83456K, used 15858K [0x00000000d6400000, 0x00000000de180000, 0x0000000100000000)
  eden space 66048K, 0% used [0x00000000d6400000,0x00000000d6400000,0x00000000da480000)
  from space 17408K, 91% used [0x00000000da480000,0x00000000db3fcad8,0x00000000db580000)
  to   space 18944K, 0% used [0x00000000dcf00000,0x00000000dcf00000,0x00000000de180000)
 ParOldGen       total 124928K, used 31496K [0x0000000082c00000, 0x000000008a600000, 0x00000000d6400000)
  object space 124928K, 25% used [0x0000000082c00000,0x0000000084ac2170,0x000000008a600000)
 Metaspace       used 37512K, capacity 38055K, committed 38360K, reserved 1083392K
  class space    used 4658K, capacity 4825K, committed 4864K, reserved 1048576K
}
Event: 10.957 GC heap before
{Heap before GC invocations=10 (full 2):
 PSYoungGen      total 83456K, used 81906K [0x00000000d6400000, 0x00000000de180000, 0x0000000100000000)
  eden space 66048K, 100% used [0x00000000d6400000,0x00000000da480000,0x00000000da480000)
  from space 17408K, 91% used [0x00000000da480000,0x00000000db3fcad8,0x00000000db580000)
  to   space 18944K, 0% used [0x00000000dcf00000,0x00000000dcf00000,0x00000000de180000)
 ParOldGen       total 124928K, used 31496K [0x0000000082c00000, 0x000000008a600000, 0x00000000d6400000)
  object space 124928K, 25% used [0x0000000082c00000,0x0000000084ac2170,0x000000008a600000)
 Metaspace       used 39128K, capacity 39775K, committed 40280K, reserved 1085440K
  class space    used 4784K, capacity 4966K, committed 4992K, reserved 1048576K
Event: 10.982 GC heap after
Heap after GC invocations=10 (full 2):
 PSYoungGen      total 107520K, used 17370K [0x00000000d6400000, 0x00000000de900000, 0x0000000100000000)
  eden space 88576K, 0% used [0x00000000d6400000,0x00000000d6400000,0x00000000dba80000)
  from space 18944K, 91% used [0x00000000dcf00000,0x00000000ddff6898,0x00000000de180000)
  to   space 20992K, 0% used [0x00000000dba80000,0x00000000dba80000,0x00000000dcf00000)
 ParOldGen       total 124928K, used 31504K [0x0000000082c00000, 0x000000008a600000, 0x00000000d6400000)
  object space 124928K, 25% used [0x0000000082c00000,0x0000000084ac4170,0x000000008a600000)
 Metaspace       used 39128K, capacity 39775K, committed 40280K, reserved 1085440K
  class space    used 4784K, capacity 4966K, committed 4992K, reserved 1048576K
}
Event: 14.734 GC heap before
{Heap before GC invocations=11 (full 2):
 PSYoungGen      total 107520K, used 105946K [0x00000000d6400000, 0x00000000de900000, 0x0000000100000000)
  eden space 88576K, 100% used [0x00000000d6400000,0x00000000dba80000,0x00000000dba80000)
  from space 18944K, 91% used [0x00000000dcf00000,0x00000000ddff6898,0x00000000de180000)
  to   space 20992K, 0% used [0x00000000dba80000,0x00000000dba80000,0x00000000dcf00000)
 ParOldGen       total 124928K, used 31504K [0x0000000082c00000, 0x000000008a600000, 0x00000000d6400000)
  object space 124928K, 25% used [0x0000000082c00000,0x0000000084ac4170,0x000000008a600000)
 Metaspace       used 45054K, capacity 45861K, committed 46168K, reserved 1089536K
  class space    used 5541K, capacity 5731K, committed 5760K, reserved 1048576K
Event: 14.764 GC heap after
Heap after GC invocations=11 (full 2):
 PSYoungGen      total 109568K, used 20971K [0x00000000d6400000, 0x00000000de900000, 0x0000000100000000)
  eden space 88576K, 0% used [0x00000000d6400000,0x00000000d6400000,0x00000000dba80000)
  from space 20992K, 99% used [0x00000000dba80000,0x00000000dcefae78,0x00000000dcf00000)
  to   space 18944K, 0% used [0x00000000dcf00000,0x00000000dcf00000,0x00000000de180000)
 ParOldGen       total 124928K, used 38436K [0x0000000082c00000, 0x000000008a600000, 0x00000000d6400000)
  object space 124928K, 30% used [0x0000000082c00000,0x0000000085189288,0x000000008a600000)
 Metaspace       used 45054K, capacity 45861K, committed 46168K, reserved 1089536K
  class space    used 5541K, capacity 5731K, committed 5760K, reserved 1048576K
}

Deoptimization events (10 events):
Event: 16.746 Thread 0x0000000002d6a800 Uncommon trap: reason=bimorphic action=maybe_recompile pc=0x00000000102cb1f0 method=org.jetbrains.kotlin.util.slicedMap.SlicedMapImpl.put(Lorg/jetbrains/kotlin/util/slicedMap/WritableSlice;Ljava/lang/Object;Ljava/lang/Object;)V @ 38
Event: 16.752 Thread 0x0000000002d6a800 Uncommon trap: reason=unstable_if action=reinterpret pc=0x000000000fdcb138 method=org.jetbrains.kotlin.protobuf.SmallSortedMap.entrySet()Ljava/util/Set; @ 4
Event: 16.758 Thread 0x0000000002d6a800 Uncommon trap: reason=class_check action=maybe_recompile pc=0x000000001039ef40 method=org.jetbrains.kotlin.storage.LockBasedStorageManager$MapBasedMemoizedFunction.invoke(Ljava/lang/Object;)Ljava/lang/Object; @ 34
Event: 16.770 Thread 0x0000000002d6a800 Uncommon trap: reason=bimorphic action=maybe_recompile pc=0x00000000102cb1f0 method=org.jetbrains.kotlin.util.slicedMap.SlicedMapImpl.put(Lorg/jetbrains/kotlin/util/slicedMap/WritableSlice;Ljava/lang/Object;Ljava/lang/Object;)V @ 38
Event: 16.776 Thread 0x0000000002d6a800 Uncommon trap: reason=class_check action=maybe_recompile pc=0x000000001039ef40 method=org.jetbrains.kotlin.storage.LockBasedStorageManager$MapBasedMemoizedFunction.invoke(Ljava/lang/Object;)Ljava/lang/Object; @ 34
Event: 16.776 Thread 0x0000000002d6a800 Uncommon trap: reason=bimorphic action=maybe_recompile pc=0x00000000102cb1f0 method=org.jetbrains.kotlin.util.slicedMap.SlicedMapImpl.put(Lorg/jetbrains/kotlin/util/slicedMap/WritableSlice;Ljava/lang/Object;Ljava/lang/Object;)V @ 38
Event: 16.883 Thread 0x0000000002d6a800 Uncommon trap: reason=bimorphic action=maybe_recompile pc=0x000000000ff19160 method=kotlin.collections.CollectionsKt___CollectionsKt.toList(Ljava/lang/Iterable;)Ljava/util/List; @ 71
Event: 16.896 Thread 0x0000000002d6a800 Uncommon trap: reason=bimorphic action=maybe_recompile pc=0x000000000ff19160 method=kotlin.collections.CollectionsKt___CollectionsKt.toList(Ljava/lang/Iterable;)Ljava/util/List; @ 71
Event: 17.086 Thread 0x0000000002d6a800 Uncommon trap: reason=unstable_if action=reinterpret pc=0x0000000010a335e0 method=org.jetbrains.kotlin.types.ErrorUtils.isError(Lorg/jetbrains/kotlin/descriptors/DeclarationDescriptor;)Z @ 10
Event: 17.570 Thread 0x0000000002d6a800 Uncommon trap: reason=unstable_if action=reinterpret pc=0x000000001029a2c0 method=org.jetbrains.kotlin.load.java.components.JavaAnnotationMapper.findMappedJavaAnnotation(Lorg/jetbrains/kotlin/name/FqName;Lorg/jetbrains/kotlin/load/java/structure/JavaAnnot

Classes redefined (0 events):
No events

Internal exceptions (10 events):
Event: 15.109 Thread 0x0000000002d6a800 Exception <a 'java/lang/NoSuchMethodError': java.lang.Object.lambda$static$0(I)[Lorg/jetbrains/kotlin/com/intellij/psi/PsiField;> (0x00000000d6d30f60) thrown at [D:\src\AOSP-openjdk-cygwin\jdk8u\hotspot\src\share\vm\interpreter\linkResolver.cpp, line 584]
Event: 15.148 Thread 0x0000000002d6a800 Exception <a 'java/lang/NoSuchMethodError': java.lang.Object.lambda$static$0(I)[Lorg/jetbrains/kotlin/com/intellij/psi/PsiJavaCodeReferenceElement;> (0x00000000d6e35638) thrown at [D:\src\AOSP-openjdk-cygwin\jdk8u\hotspot\src\share\vm\interpreter\linkReso
Event: 16.322 Thread 0x0000000002d6a800 Exception <a 'java/lang/NoSuchMethodError': java.lang.Object.lambda$static$0(Ljava/lang/Throwable;Ljava/lang/String;)V> (0x00000000d8fc21e8) thrown at [D:\src\AOSP-openjdk-cygwin\jdk8u\hotspot\src\share\vm\interpreter\linkResolver.cpp, line 584]
Event: 16.339 Thread 0x0000000002d6a800 Implicit null exception at 0x0000000010548df9 to 0x00000000105492bd
Event: 16.339 Thread 0x0000000002d6a800 Implicit null exception at 0x00000000108373ef to 0x0000000010837855
Event: 16.339 Thread 0x0000000002d6a800 Implicit null exception at 0x000000001042ab34 to 0x000000001042afd5
Event: 16.340 Thread 0x0000000002d6a800 Implicit null exception at 0x0000000010531fce to 0x00000000105323fd
Event: 16.340 Thread 0x0000000002d6a800 Implicit null exception at 0x000000001026db52 to 0x000000001026de41
Event: 16.340 Thread 0x0000000002d6a800 Implicit null exception at 0x000000001010ac13 to 0x000000001010adb1
Event: 16.639 Thread 0x0000000002d6a800 Exception <a 'java/lang/NoSuchMethodError': java.lang.Object.lambda$static$0(Lorg/jetbrains/kotlin/descriptors/ValueParameterDescriptor;Lorg/jetbrains/kotlin/codegen/ExpressionCodegen;)Lorg/jetbrains/kotlin/codegen/StackValue;> (0x00000000d97f0e98) thrown

Events (10 events):
Event: 17.577 loading class org/jetbrains/kotlin/resolve/constants/LongValue
Event: 17.577 loading class org/jetbrains/kotlin/resolve/constants/LongValue done
Event: 17.578 loading class org/jetbrains/kotlin/resolve/constants/UByteValue
Event: 17.578 loading class org/jetbrains/kotlin/resolve/constants/UByteValue done
Event: 17.578 loading class org/jetbrains/kotlin/resolve/constants/ULongValue
Event: 17.578 loading class org/jetbrains/kotlin/resolve/constants/ULongValue done
Event: 17.579 loading class org/jetbrains/kotlin/resolve/constants/CharValue
Event: 17.579 loading class org/jetbrains/kotlin/resolve/constants/CharValue done
Event: 17.579 loading class org/jetbrains/kotlin/resolve/constants/UIntValue
Event: 17.579 loading class org/jetbrains/kotlin/resolve/constants/UIntValue done


Dynamic libraries:
0x00007ff60ff40000 - 0x00007ff60ff71000 	D:\AS\jre\jre\bin\java.exe
0x00007ffd64760000 - 0x00007ffd64909000 	C:\Windows\SYSTEM32\ntdll.dll
0x00007ffd63310000 - 0x00007ffd63449000 	C:\Windows\system32\KERNEL32.DLL
0x00007ffd61b40000 - 0x00007ffd61c4e000 	C:\Windows\system32\KERNELBASE.dll
0x00007ffd63460000 - 0x00007ffd63505000 	C:\Windows\system32\ADVAPI32.dll
0x00007ffd63910000 - 0x00007ffd63a81000 	C:\Windows\system32\USER32.dll
0x00007ffd5f3d0000 - 0x00007ffd5f62a000 	C:\Windows\WinSxS\amd64_microsoft.windows.common-controls_6595b64144ccf1df_6.0.9600.16384_none_62475f7becb72503\COMCTL32.dll
0x00007ffd63a90000 - 0x00007ffd63b37000 	C:\Windows\system32\msvcrt.dll
0x00007ffd64180000 - 0x00007ffd641d7000 	C:\Windows\SYSTEM32\sechost.dll
0x00007ffd64620000 - 0x00007ffd64756000 	C:\Windows\system32\RPCRT4.dll
0x00007ffd63120000 - 0x00007ffd63265000 	C:\Windows\system32\GDI32.dll
0x00007ffd64290000 - 0x00007ffd642c4000 	C:\Windows\system32\IMM32.DLL
0x00007ffd64360000 - 0x00007ffd64498000 	C:\Windows\system32\MSCTF.dll
0x00007ffd616c0000 - 0x00007ffd616f1000 	C:\Windows\system32\nvinitx.dll
0x000000000f000000 - 0x000000000f006000 	C:\Program Files\NVIDIA Corporation\CoProcManager\_etoured.dll
0x00007ffd5ff70000 - 0x00007ffd5ffa2000 	C:\Program Files\NVIDIA Corporation\CoProcManager\nvd3d9wrapx.dll
0x00007ffd63d00000 - 0x00007ffd63ed6000 	C:\Windows\system32\SETUPAPI.dll
0x00007ffd61af0000 - 0x00007ffd61b3a000 	C:\Windows\system32\CFGMGR32.dll
0x00007ffd5fdb0000 - 0x00007ffd5fdd2000 	C:\Program Files\NVIDIA Corporation\CoProcManager\nvdxgiwrapx.dll
0x0000000054a20000 - 0x0000000054af2000 	D:\AS\jre\jre\bin\msvcr100.dll
0x0000000054be0000 - 0x0000000055421000 	D:\AS\jre\jre\bin\server\jvm.dll
0x00007ffd595f0000 - 0x00007ffd595f9000 	C:\Windows\SYSTEM32\WSOCK32.dll
0x0000000000e40000 - 0x0000000000e5f000 	C:\Windows\system32\WINMM.dll
0x00007ffd5f730000 - 0x00007ffd5f73a000 	C:\Windows\SYSTEM32\VERSION.dll
0x00007ffd63450000 - 0x00007ffd63457000 	C:\Windows\system32\PSAPI.DLL
0x00007ffd642e0000 - 0x00007ffd64338000 	C:\Windows\system32\WS2_32.dll
0x00007ffd61810000 - 0x00007ffd6183a000 	C:\Windows\system32\WINMMBASE.dll
0x00007ffd637f0000 - 0x00007ffd637f9000 	C:\Windows\system32\NSI.dll
0x00007ffd617c0000 - 0x00007ffd617e6000 	C:\Windows\system32\DEVOBJ.dll
0x00007ffd5fde0000 - 0x00007ffd5fdef000 	D:\AS\jre\jre\bin\verify.dll
0x00007ffd5e8d0000 - 0x00007ffd5e8f9000 	D:\AS\jre\jre\bin\java.dll
0x00007ffd5fb40000 - 0x00007ffd5fb56000 	D:\AS\jre\jre\bin\zip.dll
0x00007ffd61d10000 - 0x00007ffd6311f000 	C:\Windows\system32\SHELL32.dll
0x00007ffd63f40000 - 0x00007ffd64117000 	C:\Windows\SYSTEM32\combase.dll
0x00007ffd64120000 - 0x00007ffd64171000 	C:\Windows\system32\SHLWAPI.dll
0x00007ffd602a0000 - 0x00007ffd60341000 	C:\Windows\SYSTEM32\SHCORE.dll
0x00007ffd61710000 - 0x00007ffd61724000 	C:\Windows\SYSTEM32\profapi.dll
0x00007ffd5f7b0000 - 0x00007ffd5f7ca000 	D:\AS\jre\jre\bin\net.dll
0x00007ffd60f20000 - 0x00007ffd60f78000 	C:\Windows\system32\mswsock.dll
0x00007ffd5ee70000 - 0x00007ffd5ee81000 	D:\AS\jre\jre\bin\nio.dll

VM Arguments:
java_command: org.jetbrains.kotlin.cli.jvm.K2JVMCompiler -Xadd-compiler-builtins -Xbuild-file=C:\Users\ADMINI~1\AppData\Local\Temp\kjps541591187306723448app_debug.script.xml -classpath C:\Users\Administrator\.gradle\caches\transforms-1\files-1.1\adapters-3.1.4.aar\a4b3e322d11d4e2d074c9946672048ca\jars\classes.jar;C:\Users\Administrator\.gradle\caches\transforms-1\files-1.1\library-3.1.4.aar\f20939bc516a8a85ed6c57ee8f2785ed\jars\classes.jar;C:\Users\Administrator\.gradle\caches\modules-2\files-2.1\com.android.databinding\baseLibrary\3.1.4\df1e7638ba852152abe964e86f60fa4ce12e6a6a\baseLibrary-3.1.4.jar;C:\Users\Administrator\.gradle\caches\transforms-1\files-1.1\leakcanary-support-fragment-1.6.1.aar\1b058e13b6fd24d9b2f6735dd748678c\jars\classes.jar;C:\Users\Administrator\.gradle\caches\transforms-1\files-1.1\leakcanary-android-1.6.1.aar\2ec0ea481956c794d4a6dab73b2aa975\jars\classes.jar;C:\Users\Administrator\.gradle\caches\modules-2\files-2.1\org.jetbrains.kotlin\kotlin-stdlib-jdk7\1.2.60\31f1ea280ab4942ed25f91760d7170c41f78d06f\kotlin-stdlib-jdk7-1.2.60.jar;C:\Users\Administrator\.gradle\caches\transforms-1\files-1.1\design-28.0.0-rc01.aar\e89f8df2ae90b11386bda8e8c973de1e\jars\classes.jar;C:\Users\Administrator\.gradle\caches\transforms-1\files-1.1\calendarview-3.4.7.aar\524b0eadec6be7cb53d43c455a9414b2\jars\classes.jar;C:\Users\Administrator\.gradle\caches\transforms-1\files-1.1\preference-v14-28.0.0-rc01.aar\6f820cac076441ac3d3b93576e3bd19b\jars\classes.jar;C:\Users\Administrator\.gradle\caches\transforms-1\files-1.1\preference-v7-28.0.0-rc01.aar\e0380b25325f1904a4666d5c995eb93a\jars\classes.jar;C:\Users\Administrator\.gradle\caches\transforms-1\files-1.1\appcompat-v7-28.0.0-rc01.aar\70578a46abe2263dbb6c00034996005e\jars\classes.jar;C:\Users\Administrator\.gradle\caches\transforms-1\files-1.1\constraint-layout-1.1.3.aar\e1aad102b5cb34875a0ff190ef719375\jars\classes.jar;C:\Users\Administrator\.gradle\caches\transforms-1\files-1.1\cardview-v7-28.0.0-rc01.aar\d38ef2f
java_class_path (initial): C:\Users\Administrator\.gradle\caches\modules-2\files-2.1\org.jetbrains.kotlin\kotlin-compiler-embeddable\1.2.60\98ce8533623aaa36e121844ffddee04fdf401e90\kotlin-compiler-embeddable-1.2.60.jar;C:\Users\Administrator\.gradle\caches\modules-2\files-2.1\org.jetbrains.kotlin\kotlin-reflect\1.2.60\33af8b35817e4c97a477a6a324032e0591d04f36\kotlin-reflect-1.2.60.jar;C:\Users\Administrator\.gradle\caches\modules-2\files-2.1\org.jetbrains.kotlin\kotlin-stdlib\1.2.60\391695759d8fc80042c2c11bc19fc6f2787be495\kotlin-stdlib-1.2.60.jar;C:\Users\Administrator\.gradle\caches\modules-2\files-2.1\org.jetbrains.kotlin\kotlin-script-runtime\1.2.60\f27ad40614f3519cc7b865fc6360b2d7de64f694\kotlin-script-runtime-1.2.60.jar;C:\Users\Administrator\.gradle\caches\modules-2\files-2.1\org.jetbrains.kotlin\kotlin-stdlib-common\1.2.60\d95e6419da840e672342e5d4348f0bdd1d58b84d\kotlin-stdlib-common-1.2.60.jar;C:\Users\Administrator\.gradle\caches\modules-2\files-2.1\org.jetbrains\annotations\13.0\919f0dfe192fb4e063e7dacadee7f8bb9a2672a9\annotations-13.0.jar;D:\AS\jre\lib\tools.jar
Launcher Type: SUN_STANDARD

Environment Variables:
JAVA_HOME=D:\JDK\jdk1.8.0_101
JRE_HOME=D:\JDK\jdk1.8.0_101\jre
PATH=E:\X86AllThings\mysql-5.7.16-winx64\bin;D:\JDK\androidSDK\platform-tools;C:\Windows\system32;C:\Windows;C:\Windows\system32\wbem;D:\NODEjs\;D:\JDK\jdk1.8.0_101;D:\JDK\jdk1.8.0_101\jre ;D:\JDK\jdk1.8.0_101\bin\;D:\JDK\jdk1.8.0_101\jre\bin;D:\GIT\Git\cmd;C:\Users\Administrator\AppData\Roaming\npm;C:\Users\Administrator\AppData\Local\atom\bin
USERNAME=LenGary-L
OS=Windows_NT
PROCESSOR_IDENTIFIER=Intel64 Family 6 Model 58 Stepping 9, GenuineIntel



---------------  S Y S T E M  ---------------

OS: Windows 8.1 , 64 bit Build 9600 (6.3.9600.16656)

CPU:total 4 (initial active 4) (2 cores per cpu, 2 threads per core) family 6 model 58 stepping 9, cmov, cx8, fxsr, mmx, sse, sse2, sse3, ssse3, sse4.1, sse4.2, popcnt, avx, aes, clmul, erms, ht, tsc, tscinvbit, tscinv

Memory: 4k page, physical 8201576k(1991496k free), swap 10823016k(5296k free)

vm_info: OpenJDK 64-Bit Server VM (25.152-b06) for windows-amd64 JRE (1.8.0_152-release-1136-b06), built by "builder" with MS VC++ 10.0 (VS2010)

time: Sun Sep 30 14:59:42 2018
elapsed time: 17 seconds (0d 0h 0m 17s)

