#
# There is insufficient memory for the Java Runtime Environment to continue.
# Native memory allocation (malloc) failed to allocate 499136 bytes for Chunk::new
# Possible reasons:
#   The system is out of physical RAM or swap space
#   In 32 bit mode, the process size limit was hit
# Possible solutions:
#   Reduce memory load on the system
#   Increase physical memory or swap space
#   Check if swap backing store is full
#   Use 64 bit Java on a 64 bit OS
#   Decrease Java heap size (-Xmx/-Xms)
#   Decrease number of Java threads
#   Decrease Java thread stack sizes (-Xss)
#   Set larger code cache with -XX:ReservedCodeCacheSize=
# This output file may be truncated or incomplete.
#
#  Out of Memory Error (allocation.cpp:390), pid=33664, tid=0x0000000000010630
#
# JRE version: OpenJDK Runtime Environment (8.0_152-b06) (build 1.8.0_152-release-1136-b06)
# Java VM: OpenJDK 64-Bit Server VM (25.152-b06 mixed mode windows-amd64 compressed oops)
# Failed to write core dump. Minidumps are not enabled by default on client versions of Windows
#

---------------  T H R E A D  ---------------

Current thread (0x000000000714d000):  JavaThread "C2 CompilerThread1" daemon [_thread_in_native, id=67120, stack(0x0000000008b50000,0x0000000008c50000)]

Stack: [0x0000000008b50000,0x0000000008c50000]
[error occurred during error reporting (printing stack bounds), id 0xc0000005]

Native frames: (J=compiled Java code, j=interpreted, Vv=VM code, C=native code)


Current CompileTask:
C2:  21561 8607       4       org.jetbrains.kotlin.com.intellij.psi.impl.PsiManagerImpl::findDirectory (21 bytes)


---------------  P R O C E S S  ---------------

Java Threads: ( => current thread )
  0x0000000009231000 JavaThread "RMI RenewClean-[127.0.0.1:53516,org.jetbrains.kotlin.daemon.common.LoopbackNetworkInterface$ClientLoopbackSocketFactory@31ee2975]" daemon [_thread_blocked, id=63296, stack(0x000000000a070000,0x000000000a170000)]
  0x00000000091de000 JavaThread "RMI TCP Connection(2)-127.0.0.1" daemon [_thread_in_Java, id=69368, stack(0x0000000009f70000,0x000000000a070000)]
  0x00000000091d7800 JavaThread "RMI Scheduler(0)" daemon [_thread_blocked, id=77628, stack(0x0000000009e70000,0x0000000009f70000)]
  0x000000000919a000 JavaThread "RMI TCP Connection(1)-127.0.0.1" daemon [_thread_in_native, id=18416, stack(0x0000000009970000,0x0000000009a70000)]
  0x000000000082e800 JavaThread "DestroyJavaVM" [_thread_blocked, id=16560, stack(0x0000000002580000,0x0000000002680000)]
  0x00000000091ac800 JavaThread "GC Daemon" daemon [_thread_blocked, id=23468, stack(0x0000000009b70000,0x0000000009c70000)]
  0x000000000917e000 JavaThread "RMI Reaper" [_thread_blocked, id=40376, stack(0x0000000009a70000,0x0000000009b70000)]
  0x0000000009174800 JavaThread "Timer-0" daemon [_thread_blocked, id=16108, stack(0x0000000009870000,0x0000000009970000)]
  0x00000000090c2000 JavaThread "RMI TCP Accept-17856" daemon [_thread_in_native, id=42256, stack(0x0000000009770000,0x0000000009870000)]
  0x000000000848e800 JavaThread "Service Thread" daemon [_thread_blocked, id=44304, stack(0x0000000008d50000,0x0000000008e50000)]
  0x000000000845e000 JavaThread "C1 CompilerThread2" daemon [_thread_blocked, id=13228, stack(0x0000000008c50000,0x0000000008d50000)]
=>0x000000000714d000 JavaThread "C2 CompilerThread1" daemon [_thread_in_native, id=67120, stack(0x0000000008b50000,0x0000000008c50000)]
  0x000000000714a800 JavaThread "C2 CompilerThread0" daemon [_thread_in_native, id=47236, stack(0x0000000008a50000,0x0000000008b50000)]
  0x00000000070ff000 JavaThread "Attach Listener" daemon [_thread_blocked, id=53064, stack(0x0000000008950000,0x0000000008a50000)]
  0x00000000070fe000 JavaThread "Signal Dispatcher" daemon [_thread_blocked, id=59848, stack(0x0000000008850000,0x0000000008950000)]
  0x00000000070d6800 JavaThread "Finalizer" daemon [_thread_blocked, id=68192, stack(0x0000000008350000,0x0000000008450000)]
  0x0000000002774000 JavaThread "Reference Handler" daemon [_thread_blocked, id=4392, stack(0x0000000008250000,0x0000000008350000)]

Other Threads:
  0x00000000070b4800 VMThread [stack: 0x0000000008150000,0x0000000008250000] [id=13872]
  0x0000000008490800 WatcherThread [stack: 0x0000000008e50000,0x0000000008f50000] [id=67780]

VM state:not at safepoint (normal execution)

VM Mutex/Monitor currently owned by a thread: None

Heap:
 PSYoungGen      total 178176K, used 99483K [0x00000000e0000000, 0x00000000ee900000, 0x0000000100000000)
  eden space 154112K, 48% used [0x00000000e0000000,0x00000000e49ac5a0,0x00000000e9680000)
  from space 24064K, 99% used [0x00000000ed180000,0x00000000ee8fa8d8,0x00000000ee900000)
  to   space 30208K, 0% used [0x00000000eae00000,0x00000000eae00000,0x00000000ecb80000)
 ParOldGen       total 66560K, used 37158K [0x00000000a0000000, 0x00000000a4100000, 0x00000000e0000000)
  object space 66560K, 55% used [0x00000000a0000000,0x00000000a2449850,0x00000000a4100000)
 Metaspace       used 52823K, capacity 53880K, committed 54232K, reserved 1097728K
  class space    used 6374K, capacity 6615K, committed 6656K, reserved 1048576K

Card table byte_map: [0x0000000002b40000,0x0000000002e50000] byte_map_base: 0x0000000002640000

Marking Bits: (ParMarkBitMap*) 0x00000000553a5aa0
 Begin Bits: [0x0000000003450000, 0x0000000004c50000)
 End Bits:   [0x0000000004c50000, 0x0000000006450000)

Polling page: 0x00000000007b0000

CodeCache: size=245760Kb used=26048Kb max_used=26048Kb free=219711Kb
 bounds [0x000000000f010000, 0x00000000109a0000, 0x000000001e010000]
 total_blobs=8045 nmethods=7525 adapters=432
 compilation: enabled

Compilation events (10 events):
Event: 21.174 Thread 0x000000000845e000 8637       3       org.jetbrains.kotlin.codegen.state.KotlinTypeMapper$$Lambda$99/2009545739::<init> (15 bytes)
Event: 21.174 Thread 0x000000000845e000 nmethod 8637 0x00000000109969d0 code [0x0000000010996b20, 0x0000000010996cf0]
Event: 21.175 Thread 0x000000000845e000 8638       3       org.jetbrains.kotlin.codegen.state.KotlinTypeMapper$$Lambda$99/2009545739::invoke (24 bytes)
Event: 21.175 Thread 0x000000000845e000 nmethod 8638 0x0000000010996d90 code [0x0000000010996f20, 0x00000000109973e8]
Event: 21.175 Thread 0x000000000845e000 8639       3       org.jetbrains.kotlin.codegen.state.KotlinTypeMapper::lambda$mapType$0 (13 bytes)
Event: 21.175 Thread 0x000000000845e000 nmethod 8639 0x0000000010997590 code [0x0000000010997700, 0x00000000109978a8]
Event: 21.176 Thread 0x000000000845e000 8640       3       org.jetbrains.kotlin.builtins.KotlinBuiltIns::isNullableNothing (20 bytes)
Event: 21.176 Thread 0x000000000845e000 nmethod 8640 0x0000000010997950 code [0x0000000010997b00, 0x0000000010998138]
Event: 21.176 Thread 0x000000000845e000 8641   !   2       org.jetbrains.kotlin.storage.LockBasedStorageManager$MapBasedMemoizedFunction::invoke (281 bytes)
Event: 21.178 Thread 0x000000000845e000 nmethod 8641 0x0000000010998350 code [0x0000000010998620, 0x0000000010998e18]

GC Heap History (10 events):
Event: 10.289 GC heap before
{Heap before GC invocations=9 (full 2):
 PSYoungGen      total 61440K, used 35483K [0x00000000e0000000, 0x00000000e5880000, 0x0000000100000000)
  eden space 56320K, 53% used [0x00000000e0000000,0x00000000e1daa238,0x00000000e3700000)
  from space 5120K, 99% used [0x00000000e4400000,0x00000000e48fcb28,0x00000000e4900000)
  to   space 13312K, 0% used [0x00000000e3700000,0x00000000e3700000,0x00000000e4400000)
 ParOldGen       total 49152K, used 16717K [0x00000000a0000000, 0x00000000a3000000, 0x00000000e0000000)
  object space 49152K, 34% used [0x00000000a0000000,0x00000000a1053670,0x00000000a3000000)
 Metaspace       used 34566K, capacity 35119K, committed 35416K, reserved 1081344K
  class space    used 4272K, capacity 4436K, committed 4480K, reserved 1048576K
Event: 10.304 GC heap after
Heap after GC invocations=9 (full 2):
 PSYoungGen      total 69632K, used 13252K [0x00000000e0000000, 0x00000000e8880000, 0x0000000100000000)
  eden space 56320K, 0% used [0x00000000e0000000,0x00000000e0000000,0x00000000e3700000)
  from space 13312K, 99% used [0x00000000e3700000,0x00000000e43f1118,0x00000000e4400000)
  to   space 15360K, 0% used [0x00000000e7980000,0x00000000e7980000,0x00000000e8880000)
 ParOldGen       total 49152K, used 16777K [0x00000000a0000000, 0x00000000a3000000, 0x00000000e0000000)
  object space 49152K, 34% used [0x00000000a0000000,0x00000000a1062758,0x00000000a3000000)
 Metaspace       used 34566K, capacity 35119K, committed 35416K, reserved 1081344K
  class space    used 4272K, capacity 4436K, committed 4480K, reserved 1048576K
}
Event: 10.304 GC heap before
{Heap before GC invocations=10 (full 3):
 PSYoungGen      total 69632K, used 13252K [0x00000000e0000000, 0x00000000e8880000, 0x0000000100000000)
  eden space 56320K, 0% used [0x00000000e0000000,0x00000000e0000000,0x00000000e3700000)
  from space 13312K, 99% used [0x00000000e3700000,0x00000000e43f1118,0x00000000e4400000)
  to   space 15360K, 0% used [0x00000000e7980000,0x00000000e7980000,0x00000000e8880000)
 ParOldGen       total 49152K, used 16777K [0x00000000a0000000, 0x00000000a3000000, 0x00000000e0000000)
  object space 49152K, 34% used [0x00000000a0000000,0x00000000a1062758,0x00000000a3000000)
 Metaspace       used 34566K, capacity 35119K, committed 35416K, reserved 1081344K
  class space    used 4272K, capacity 4436K, committed 4480K, reserved 1048576K
Event: 10.398 GC heap after
Heap after GC invocations=10 (full 3):
 PSYoungGen      total 69632K, used 0K [0x00000000e0000000, 0x00000000e8880000, 0x0000000100000000)
  eden space 56320K, 0% used [0x00000000e0000000,0x00000000e0000000,0x00000000e3700000)
  from space 13312K, 0% used [0x00000000e3700000,0x00000000e3700000,0x00000000e4400000)
  to   space 15360K, 0% used [0x00000000e7980000,0x00000000e7980000,0x00000000e8880000)
 ParOldGen       total 66560K, used 20701K [0x00000000a0000000, 0x00000000a4100000, 0x00000000e0000000)
  object space 66560K, 31% used [0x00000000a0000000,0x00000000a1437760,0x00000000a4100000)
 Metaspace       used 34566K, capacity 35119K, committed 35416K, reserved 1081344K
  class space    used 4272K, capacity 4436K, committed 4480K, reserved 1048576K
}
Event: 12.179 GC heap before
{Heap before GC invocations=11 (full 3):
 PSYoungGen      total 69632K, used 56320K [0x00000000e0000000, 0x00000000e8880000, 0x0000000100000000)
  eden space 56320K, 100% used [0x00000000e0000000,0x00000000e3700000,0x00000000e3700000)
  from space 13312K, 0% used [0x00000000e3700000,0x00000000e3700000,0x00000000e4400000)
  to   space 15360K, 0% used [0x00000000e7980000,0x00000000e7980000,0x00000000e8880000)
 ParOldGen       total 66560K, used 20701K [0x00000000a0000000, 0x00000000a4100000, 0x00000000e0000000)
  object space 66560K, 31% used [0x00000000a0000000,0x00000000a1437760,0x00000000a4100000)
 Metaspace       used 38927K, capacity 39568K, committed 40152K, reserved 1085440K
  class space    used 4843K, capacity 5005K, committed 5120K, reserved 1048576K
Event: 12.204 GC heap after
Heap after GC invocations=11 (full 3):
 PSYoungGen      total 119808K, used 15355K [0x00000000e0000000, 0x00000000e8a00000, 0x0000000100000000)
  eden space 104448K, 0% used [0x00000000e0000000,0x00000000e0000000,0x00000000e6600000)
  from space 15360K, 99% used [0x00000000e7980000,0x00000000e887edf8,0x00000000e8880000)
  to   space 18432K, 0% used [0x00000000e6600000,0x00000000e6600000,0x00000000e7800000)
 ParOldGen       total 66560K, used 22164K [0x00000000a0000000, 0x00000000a4100000, 0x00000000e0000000)
  object space 66560K, 33% used [0x00000000a0000000,0x00000000a15a51d0,0x00000000a4100000)
 Metaspace       used 38927K, capacity 39568K, committed 40152K, reserved 1085440K
  class space    used 4843K, capacity 5005K, committed 5120K, reserved 1048576K
}
Event: 14.914 GC heap before
{Heap before GC invocations=12 (full 3):
 PSYoungGen      total 119808K, used 119803K [0x00000000e0000000, 0x00000000e8a00000, 0x0000000100000000)
  eden space 104448K, 100% used [0x00000000e0000000,0x00000000e6600000,0x00000000e6600000)
  from space 15360K, 99% used [0x00000000e7980000,0x00000000e887edf8,0x00000000e8880000)
  to   space 18432K, 0% used [0x00000000e6600000,0x00000000e6600000,0x00000000e7800000)
 ParOldGen       total 66560K, used 22164K [0x00000000a0000000, 0x00000000a4100000, 0x00000000e0000000)
  object space 66560K, 33% used [0x00000000a0000000,0x00000000a15a51d0,0x00000000a4100000)
 Metaspace       used 42759K, capacity 43454K, committed 43864K, reserved 1087488K
  class space    used 5246K, capacity 5418K, committed 5504K, reserved 1048576K
Event: 14.945 GC heap after
Heap after GC invocations=12 (full 3):
 PSYoungGen      total 122880K, used 18410K [0x00000000e0000000, 0x00000000ee900000, 0x0000000100000000)
  eden space 104448K, 0% used [0x00000000e0000000,0x00000000e0000000,0x00000000e6600000)
  from space 18432K, 99% used [0x00000000e6600000,0x00000000e77fa8b8,0x00000000e7800000)
  to   space 24064K, 0% used [0x00000000ed180000,0x00000000ed180000,0x00000000ee900000)
 ParOldGen       total 66560K, used 29535K [0x00000000a0000000, 0x00000000a4100000, 0x00000000e0000000)
  object space 66560K, 44% used [0x00000000a0000000,0x00000000a1cd7ce8,0x00000000a4100000)
 Metaspace       used 42759K, capacity 43454K, committed 43864K, reserved 1087488K
  class space    used 5246K, capacity 5418K, committed 5504K, reserved 1048576K
}
Event: 18.562 GC heap before
{Heap before GC invocations=13 (full 3):
 PSYoungGen      total 122880K, used 122858K [0x00000000e0000000, 0x00000000ee900000, 0x0000000100000000)
  eden space 104448K, 100% used [0x00000000e0000000,0x00000000e6600000,0x00000000e6600000)
  from space 18432K, 99% used [0x00000000e6600000,0x00000000e77fa8b8,0x00000000e7800000)
  to   space 24064K, 0% used [0x00000000ed180000,0x00000000ed180000,0x00000000ee900000)
 ParOldGen       total 66560K, used 29535K [0x00000000a0000000, 0x00000000a4100000, 0x00000000e0000000)
  object space 66560K, 44% used [0x00000000a0000000,0x00000000a1cd7ce8,0x00000000a4100000)
 Metaspace       used 48667K, capacity 49576K, committed 50008K, reserved 1093632K
  class space    used 6003K, capacity 6215K, committed 6272K, reserved 1048576K
Event: 18.602 GC heap after
Heap after GC invocations=13 (full 3):
 PSYoungGen      total 178176K, used 24042K [0x00000000e0000000, 0x00000000ee900000, 0x0000000100000000)
  eden space 154112K, 0% used [0x00000000e0000000,0x00000000e0000000,0x00000000e9680000)
  from space 24064K, 99% used [0x00000000ed180000,0x00000000ee8fa8d8,0x00000000ee900000)
  to   space 30208K, 0% used [0x00000000eae00000,0x00000000eae00000,0x00000000ecb80000)
 ParOldGen       total 66560K, used 37158K [0x00000000a0000000, 0x00000000a4100000, 0x00000000e0000000)
  object space 66560K, 55% used [0x00000000a0000000,0x00000000a2449850,0x00000000a4100000)
 Metaspace       used 48667K, capacity 49576K, committed 50008K, reserved 1093632K
  class space    used 6003K, capacity 6215K, committed 6272K, reserved 1048576K
}

Deoptimization events (10 events):
Event: 21.126 Thread 0x00000000091de000 Uncommon trap: reason=bimorphic action=maybe_recompile pc=0x0000000010231a70 method=org.jetbrains.kotlin.util.slicedMap.SlicedMapImpl.put(Lorg/jetbrains/kotlin/util/slicedMap/WritableSlice;Ljava/lang/Object;Ljava/lang/Object;)V @ 38
Event: 21.130 Thread 0x00000000091de000 Uncommon trap: reason=bimorphic action=maybe_recompile pc=0x0000000010976ef8 method=org.jetbrains.kotlin.util.slicedMap.SlicedMapImpl.get(Lorg/jetbrains/kotlin/util/slicedMap/ReadOnlySlice;Ljava/lang/Object;)Ljava/lang/Object; @ 24
Event: 21.135 Thread 0x00000000091de000 Uncommon trap: reason=class_check action=maybe_recompile pc=0x000000001045bafc method=org.jetbrains.kotlin.storage.LockBasedStorageManager$MapBasedMemoizedFunction.invoke(Ljava/lang/Object;)Ljava/lang/Object; @ 34
Event: 21.144 Thread 0x00000000091de000 Uncommon trap: reason=bimorphic action=maybe_recompile pc=0x0000000010231a70 method=org.jetbrains.kotlin.util.slicedMap.SlicedMapImpl.put(Lorg/jetbrains/kotlin/util/slicedMap/WritableSlice;Ljava/lang/Object;Ljava/lang/Object;)V @ 38
Event: 21.146 Thread 0x00000000091de000 Uncommon trap: reason=class_check action=maybe_recompile pc=0x000000001045bafc method=org.jetbrains.kotlin.storage.LockBasedStorageManager$MapBasedMemoizedFunction.invoke(Ljava/lang/Object;)Ljava/lang/Object; @ 34
Event: 21.147 Thread 0x00000000091de000 Uncommon trap: reason=bimorphic action=maybe_recompile pc=0x0000000010231a70 method=org.jetbrains.kotlin.util.slicedMap.SlicedMapImpl.put(Lorg/jetbrains/kotlin/util/slicedMap/WritableSlice;Ljava/lang/Object;Ljava/lang/Object;)V @ 38
Event: 21.157 Thread 0x00000000091de000 Uncommon trap: reason=bimorphic action=maybe_recompile pc=0x0000000010976ef8 method=org.jetbrains.kotlin.util.slicedMap.SlicedMapImpl.get(Lorg/jetbrains/kotlin/util/slicedMap/ReadOnlySlice;Ljava/lang/Object;)Ljava/lang/Object; @ 24
Event: 21.159 Thread 0x00000000091de000 Uncommon trap: reason=bimorphic action=maybe_recompile pc=0x0000000010976ef8 method=org.jetbrains.kotlin.util.slicedMap.SlicedMapImpl.get(Lorg/jetbrains/kotlin/util/slicedMap/ReadOnlySlice;Ljava/lang/Object;)Ljava/lang/Object; @ 24
Event: 21.161 Thread 0x00000000091de000 Uncommon trap: reason=unstable_if action=reinterpret pc=0x000000001024e2e8 method=org.jetbrains.kotlin.metadata.ProtoBuf$ValueParameter.isInitialized()Z @ 7
Event: 21.173 Thread 0x00000000091de000 Uncommon trap: reason=bimorphic action=maybe_recompile pc=0x000000000fe9e9dc method=kotlin.collections.CollectionsKt___CollectionsKt.toList(Ljava/lang/Iterable;)Ljava/util/List; @ 71

Classes redefined (0 events):
No events

Internal exceptions (10 events):
Event: 19.291 Thread 0x00000000091de000 Exception <a 'java/lang/NoSuchMethodError': java.lang.Object.lambda$static$0(I)[Lorg/jetbrains/kotlin/com/intellij/psi/PsiMethod;> (0x00000000e138cb08) thrown at [D:\src\AOSP-openjdk-cygwin\jdk8u\hotspot\src\share\vm\interpreter\linkResolver.cpp, line 584
Event: 19.293 Thread 0x00000000091de000 Exception <a 'java/lang/NoSuchMethodError': java.lang.Object.lambda$static$0(I)[Lorg/jetbrains/kotlin/com/intellij/psi/PsiField;> (0x00000000e1397ac0) thrown at [D:\src\AOSP-openjdk-cygwin\jdk8u\hotspot\src\share\vm\interpreter\linkResolver.cpp, line 584]
Event: 19.338 Thread 0x00000000091de000 Exception <a 'java/lang/NoSuchMethodError': java.lang.Object.lambda$static$0(I)[Lorg/jetbrains/kotlin/com/intellij/psi/PsiJavaCodeReferenceElement;> (0x00000000e153d318) thrown at [D:\src\AOSP-openjdk-cygwin\jdk8u\hotspot\src\share\vm\interpreter\linkReso
Event: 20.831 Thread 0x00000000091de000 Exception <a 'java/lang/NoSuchMethodError': java.lang.Object.lambda$static$0(Ljava/lang/Throwable;Ljava/lang/String;)V> (0x00000000e3b5f2c0) thrown at [D:\src\AOSP-openjdk-cygwin\jdk8u\hotspot\src\share\vm\interpreter\linkResolver.cpp, line 584]
Event: 20.839 Thread 0x00000000091de000 Implicit null exception at 0x000000000f58acf9 to 0x000000000f58b1bd
Event: 20.839 Thread 0x00000000091de000 Implicit null exception at 0x0000000010734f8e to 0x00000000107353c1
Event: 20.839 Thread 0x00000000091de000 Implicit null exception at 0x00000000104eb5b4 to 0x00000000104eba5d
Event: 20.839 Thread 0x00000000091de000 Implicit null exception at 0x0000000010319212 to 0x00000000103194fd
Event: 20.840 Thread 0x00000000091de000 Implicit null exception at 0x0000000010196513 to 0x00000000101966b9
Event: 21.077 Thread 0x00000000091de000 Exception <a 'java/lang/NoSuchMethodError': java.lang.Object.lambda$static$0(Lorg/jetbrains/kotlin/descriptors/ValueParameterDescriptor;Lorg/jetbrains/kotlin/codegen/ExpressionCodegen;)Lorg/jetbrains/kotlin/codegen/StackValue;> (0x00000000e4395d50) thrown

Events (10 events):
Event: 21.171 loading class org/jetbrains/kotlin/metadata/ProtoBuf$VersionRequirementTable$Builder done
Event: 21.172 loading class org/jetbrains/kotlin/metadata/serialization/Interner$allInternedObjects$$inlined$sortedBy$1
Event: 21.172 loading class org/jetbrains/kotlin/metadata/serialization/Interner$allInternedObjects$$inlined$sortedBy$1 done
Event: 21.173 Thread 0x00000000091de000 Uncommon trap: trap_request=0xffffffc6 fr.pc=0x000000000fe9e9dc
Event: 21.173 Thread 0x00000000091de000 DEOPT PACKING pc=0x000000000fe9e9dc sp=0x000000000a06b080
Event: 21.173 Thread 0x00000000091de000 DEOPT UNPACKING pc=0x000000000f05557b sp=0x000000000a06b058 mode 2
Event: 21.174 loading class org/jetbrains/kotlin/codegen/FunctionCodegen$3
Event: 21.174 loading class org/jetbrains/kotlin/codegen/FunctionCodegen$3 done
Event: 21.177 loading class org/jetbrains/kotlin/codegen/InterfaceImplBodyCodegen
Event: 21.177 loading class org/jetbrains/kotlin/codegen/InterfaceImplBodyCodegen done


Dynamic libraries:
0x00007ff60ff40000 - 0x00007ff60ff71000 	D:\AS\jre\jre\bin\java.exe
0x00007ffd64760000 - 0x00007ffd64909000 	C:\Windows\SYSTEM32\ntdll.dll
0x00007ffd63310000 - 0x00007ffd63449000 	C:\Windows\system32\KERNEL32.DLL
0x00007ffd61b40000 - 0x00007ffd61c4e000 	C:\Windows\system32\KERNELBASE.dll
0x00007ffd63460000 - 0x00007ffd63505000 	C:\Windows\system32\ADVAPI32.dll
0x00007ffd63910000 - 0x00007ffd63a81000 	C:\Windows\system32\USER32.dll
0x00007ffd5f3d0000 - 0x00007ffd5f62a000 	C:\Windows\WinSxS\amd64_microsoft.windows.common-controls_6595b64144ccf1df_6.0.9600.16384_none_62475f7becb72503\COMCTL32.dll
0x00007ffd63a90000 - 0x00007ffd63b37000 	C:\Windows\system32\msvcrt.dll
0x00007ffd64180000 - 0x00007ffd641d7000 	C:\Windows\SYSTEM32\sechost.dll
0x00007ffd64620000 - 0x00007ffd64756000 	C:\Windows\system32\RPCRT4.dll
0x00007ffd63120000 - 0x00007ffd63265000 	C:\Windows\system32\GDI32.dll
0x00007ffd64290000 - 0x00007ffd642c4000 	C:\Windows\system32\IMM32.DLL
0x00007ffd64360000 - 0x00007ffd64498000 	C:\Windows\system32\MSCTF.dll
0x00007ffd616c0000 - 0x00007ffd616f1000 	C:\Windows\system32\nvinitx.dll
0x000000000f000000 - 0x000000000f006000 	C:\Program Files\NVIDIA Corporation\CoProcManager\_etoured.dll
0x00007ffd5ff70000 - 0x00007ffd5ffa2000 	C:\Program Files\NVIDIA Corporation\CoProcManager\nvd3d9wrapx.dll
0x00007ffd63d00000 - 0x00007ffd63ed6000 	C:\Windows\system32\SETUPAPI.dll
0x00007ffd61af0000 - 0x00007ffd61b3a000 	C:\Windows\system32\CFGMGR32.dll
0x00007ffd5fdb0000 - 0x00007ffd5fdd2000 	C:\Program Files\NVIDIA Corporation\CoProcManager\nvdxgiwrapx.dll
0x0000000054a20000 - 0x0000000054af2000 	D:\AS\jre\jre\bin\msvcr100.dll
0x0000000054be0000 - 0x0000000055421000 	D:\AS\jre\jre\bin\server\jvm.dll
0x00007ffd595f0000 - 0x00007ffd595f9000 	C:\Windows\SYSTEM32\WSOCK32.dll
0x0000000000760000 - 0x000000000077f000 	C:\Windows\system32\WINMM.dll
0x00007ffd5f730000 - 0x00007ffd5f73a000 	C:\Windows\SYSTEM32\VERSION.dll
0x00007ffd63450000 - 0x00007ffd63457000 	C:\Windows\system32\PSAPI.DLL
0x00007ffd642e0000 - 0x00007ffd64338000 	C:\Windows\system32\WS2_32.dll
0x00007ffd61810000 - 0x00007ffd6183a000 	C:\Windows\system32\WINMMBASE.dll
0x00007ffd637f0000 - 0x00007ffd637f9000 	C:\Windows\system32\NSI.dll
0x00007ffd617c0000 - 0x00007ffd617e6000 	C:\Windows\system32\DEVOBJ.dll
0x00007ffd5fde0000 - 0x00007ffd5fdef000 	D:\AS\jre\jre\bin\verify.dll
0x00007ffd5e8d0000 - 0x00007ffd5e8f9000 	D:\AS\jre\jre\bin\java.dll
0x00007ffd5fb40000 - 0x00007ffd5fb56000 	D:\AS\jre\jre\bin\zip.dll
0x00007ffd61d10000 - 0x00007ffd6311f000 	C:\Windows\system32\SHELL32.dll
0x00007ffd63f40000 - 0x00007ffd64117000 	C:\Windows\SYSTEM32\combase.dll
0x00007ffd64120000 - 0x00007ffd64171000 	C:\Windows\system32\SHLWAPI.dll
0x00007ffd602a0000 - 0x00007ffd60341000 	C:\Windows\SYSTEM32\SHCORE.dll
0x00007ffd61710000 - 0x00007ffd61724000 	C:\Windows\SYSTEM32\profapi.dll
0x00007ffd5ee10000 - 0x00007ffd5ee1d000 	D:\AS\jre\jre\bin\management.dll
0x00007ffd5f7b0000 - 0x00007ffd5f7ca000 	D:\AS\jre\jre\bin\net.dll
0x00007ffd60f20000 - 0x00007ffd60f78000 	C:\Windows\system32\mswsock.dll
0x00007ffd5ee70000 - 0x00007ffd5ee81000 	D:\AS\jre\jre\bin\nio.dll
0x00007ffd60f80000 - 0x00007ffd60f9e000 	C:\Windows\SYSTEM32\CRYPTSP.dll
0x00007ffd60bc0000 - 0x00007ffd60bf5000 	C:\Windows\system32\rsaenh.dll
0x00007ffd611f0000 - 0x00007ffd61216000 	C:\Windows\SYSTEM32\bcrypt.dll
0x00007ffd60cd0000 - 0x00007ffd60cef000 	C:\Windows\SYSTEM32\USERENV.dll
0x00007ffd61530000 - 0x00007ffd6158e000 	C:\Windows\system32\bcryptprimitives.dll
0x00007ffd61590000 - 0x00007ffd6159a000 	C:\Windows\SYSTEM32\CRYPTBASE.dll
0x00007ffd5b890000 - 0x00007ffd5b8b9000 	C:\Windows\SYSTEM32\IPHLPAPI.DLL
0x00007ffd5b860000 - 0x00007ffd5b86a000 	C:\Windows\SYSTEM32\WINNSI.DLL
0x00007ffd5b410000 - 0x00007ffd5b424000 	C:\Windows\SYSTEM32\dhcpcsvc6.DLL
0x00007ffd5b3f0000 - 0x00007ffd5b409000 	C:\Windows\SYSTEM32\dhcpcsvc.DLL

VM Arguments:
jvm_args: -Djava.awt.headless=true -Djava.rmi.server.hostname=127.0.0.1 -Xmx1536m -Dkotlin.environment.keepalive 
java_command: org.jetbrains.kotlin.daemon.KotlinCompileDaemon --daemon-runFilesPath C:\Users\Administrator\AppData\Local\kotlin\daemon --daemon-autoshutdownIdleSeconds=7200 --daemon-compilerClasspath C:\Users\Administrator\.gradle\caches\modules-2\files-2.1\org.jetbrains.kotlin\kotlin-compiler-embeddable\1.2.60\98ce8533623aaa36e121844ffddee04fdf401e90\kotlin-compiler-embeddable-1.2.60.jar;C:\Users\Administrator\.gradle\caches\modules-2\files-2.1\org.jetbrains.kotlin\kotlin-reflect\1.2.60\33af8b35817e4c97a477a6a324032e0591d04f36\kotlin-reflect-1.2.60.jar;C:\Users\Administrator\.gradle\caches\modules-2\files-2.1\org.jetbrains.kotlin\kotlin-stdlib\1.2.60\391695759d8fc80042c2c11bc19fc6f2787be495\kotlin-stdlib-1.2.60.jar;C:\Users\Administrator\.gradle\caches\modules-2\files-2.1\org.jetbrains.kotlin\kotlin-script-runtime\1.2.60\f27ad40614f3519cc7b865fc6360b2d7de64f694\kotlin-script-runtime-1.2.60.jar;C:\Users\Administrator\.gradle\caches\modules-2\files-2.1\org.jetbrains.kotlin\kotlin-stdlib-common\1.2.60\d95e6419da840e672342e5d4348f0bdd1d58b84d\kotlin-stdlib-common-1.2.60.jar;C:\Users\Administrator\.gradle\caches\modules-2\files-2.1\org.jetbrains\annotations\13.0\919f0dfe192fb4e063e7dacadee7f8bb9a2672a9\annotations-13.0.jar;D:\AS\jre\lib\tools.jar
java_class_path (initial): C:\Users\Administrator\.gradle\caches\modules-2\files-2.1\org.jetbrains.kotlin\kotlin-compiler-embeddable\1.2.60\98ce8533623aaa36e121844ffddee04fdf401e90\kotlin-compiler-embeddable-1.2.60.jar;C:\Users\Administrator\.gradle\caches\modules-2\files-2.1\org.jetbrains.kotlin\kotlin-reflect\1.2.60\33af8b35817e4c97a477a6a324032e0591d04f36\kotlin-reflect-1.2.60.jar;C:\Users\Administrator\.gradle\caches\modules-2\files-2.1\org.jetbrains.kotlin\kotlin-stdlib\1.2.60\391695759d8fc80042c2c11bc19fc6f2787be495\kotlin-stdlib-1.2.60.jar;C:\Users\Administrator\.gradle\caches\modules-2\files-2.1\org.jetbrains.kotlin\kotlin-script-runtime\1.2.60\f27ad40614f3519cc7b865fc6360b2d7de64f694\kotlin-script-runtime-1.2.60.jar;C:\Users\Administrator\.gradle\caches\modules-2\files-2.1\org.jetbrains.kotlin\kotlin-stdlib-common\1.2.60\d95e6419da840e672342e5d4348f0bdd1d58b84d\kotlin-stdlib-common-1.2.60.jar;C:\Users\Administrator\.gradle\caches\modules-2\files-2.1\org.jetbrains\annotations\13.0\919f0dfe192fb4e063e7dacadee7f8bb9a2672a9\annotations-13.0.jar;D:\AS\jre\lib\tools.jar
Launcher Type: SUN_STANDARD

Environment Variables:
JAVA_HOME=D:\JDK\jdk1.8.0_101
JRE_HOME=D:\JDK\jdk1.8.0_101\jre
PATH=E:\X86AllThings\mysql-5.7.16-winx64\bin;D:\JDK\androidSDK\platform-tools;C:\Windows\system32;C:\Windows;C:\Windows\system32\wbem;D:\NODEjs\;D:\JDK\jdk1.8.0_101;D:\JDK\jdk1.8.0_101\jre ;D:\JDK\jdk1.8.0_101\bin\;D:\JDK\jdk1.8.0_101\jre\bin;D:\GIT\Git\cmd;C:\Users\Administrator\AppData\Roaming\npm;C:\Users\Administrator\AppData\Local\atom\bin
USERNAME=LenGary-L
OS=Windows_NT
PROCESSOR_IDENTIFIER=Intel64 Family 6 Model 58 Stepping 9, GenuineIntel



---------------  S Y S T E M  ---------------

OS: Windows 8.1 , 64 bit Build 9600 (6.3.9600.16656)

CPU:total 4 (initial active 4) (2 cores per cpu, 2 threads per core) family 6 model 58 stepping 9, cmov, cx8, fxsr, mmx, sse, sse2, sse3, ssse3, sse4.1, sse4.2, popcnt, avx, aes, clmul, erms, ht, tsc, tscinvbit, tscinv

Memory: 4k page, physical 8201576k(1929892k free), swap 10823016k(5124k free)

vm_info: OpenJDK 64-Bit Server VM (25.152-b06) for windows-amd64 JRE (1.8.0_152-release-1136-b06), built by "builder" with MS VC++ 10.0 (VS2010)

time: Sun Sep 30 15:03:05 2018
elapsed time: 21 seconds (0d 0h 0m 21s)

