#
# There is insufficient memory for the Java Runtime Environment to continue.
# Native memory allocation (malloc) failed to allocate 1370416 bytes for Chunk::new
# Possible reasons:
#   The system is out of physical RAM or swap space
#   In 32 bit mode, the process size limit was hit
# Possible solutions:
#   Reduce memory load on the system
#   Increase physical memory or swap space
#   Check if swap backing store is full
#   Use 64 bit Java on a 64 bit OS
#   Decrease Java heap size (-Xmx/-Xms)
#   Decrease number of Java threads
#   Decrease Java thread stack sizes (-Xss)
#   Set larger code cache with -XX:ReservedCodeCacheSize=
# This output file may be truncated or incomplete.
#
#  Out of Memory Error (allocation.cpp:390), pid=61132, tid=0x00000000000090d4
#
# JRE version: OpenJDK Runtime Environment (8.0_152-b06) (build 1.8.0_152-release-1136-b06)
# Java VM: OpenJDK 64-Bit Server VM (25.152-b06 mixed mode windows-amd64 compressed oops)
# Failed to write core dump. Minidumps are not enabled by default on client versions of Windows
#

---------------  T H R E A D  ---------------

Current thread (0x000000000876a000):  JavaThread "C2 CompilerThread0" daemon [_thread_in_native, id=37076, stack(0x000000000a0f0000,0x000000000a1f0000)]

Stack: [0x000000000a0f0000,0x000000000a1f0000]
[error occurred during error reporting (printing stack bounds), id 0xc0000005]

Native frames: (J=compiled Java code, j=interpreted, Vv=VM code, C=native code)


Current CompileTask:
C2:  18860 9098       4       org.jetbrains.kotlin.load.kotlin.TypeSignatureMappingKt::mapType (816 bytes)


---------------  P R O C E S S  ---------------

Java Threads: ( => current thread )
  0x000000000879e000 JavaThread "Service Thread" daemon [_thread_blocked, id=70156, stack(0x000000000a3f0000,0x000000000a4f0000)]
  0x0000000008779800 JavaThread "C1 CompilerThread2" daemon [_thread_blocked, id=61836, stack(0x000000000a2f0000,0x000000000a3f0000)]
  0x000000000876d800 JavaThread "C2 CompilerThread1" daemon [_thread_in_native, id=3588, stack(0x000000000a1f0000,0x000000000a2f0000)]
=>0x000000000876a000 JavaThread "C2 CompilerThread0" daemon [_thread_in_native, id=37076, stack(0x000000000a0f0000,0x000000000a1f0000)]
  0x0000000009b32800 JavaThread "Attach Listener" daemon [_thread_blocked, id=45800, stack(0x0000000009ff0000,0x000000000a0f0000)]
  0x0000000008759000 JavaThread "Signal Dispatcher" daemon [_thread_blocked, id=56288, stack(0x0000000009ef0000,0x0000000009ff0000)]
  0x0000000002c8d800 JavaThread "Finalizer" daemon [_thread_blocked, id=48356, stack(0x00000000099a0000,0x0000000009aa0000)]
  0x0000000008707800 JavaThread "Reference Handler" daemon [_thread_blocked, id=12908, stack(0x00000000098a0000,0x00000000099a0000)]
  0x0000000002b9a800 JavaThread "main" [_thread_in_native, id=65516, stack(0x0000000002a40000,0x0000000002b40000)]

Other Threads:
  0x0000000008704000 VMThread [stack: 0x00000000097a0000,0x00000000098a0000] [id=51144]
  0x0000000009b95000 WatcherThread [stack: 0x000000000a4f0000,0x000000000a5f0000] [id=61640]

VM state:not at safepoint (normal execution)

VM Mutex/Monitor currently owned by a thread: None

Heap:
 PSYoungGen      total 112640K, used 74530K [0x00000000d6400000, 0x00000000df900000, 0x0000000100000000)
  eden space 88064K, 56% used [0x00000000d6400000,0x00000000d94ce300,0x00000000dba00000)
  from space 24576K, 99% used [0x00000000dd680000,0x00000000dee7a648,0x00000000dee80000)
  to   space 29184K, 0% used [0x00000000dba00000,0x00000000dba00000,0x00000000dd680000)
 ParOldGen       total 131072K, used 40717K [0x0000000082c00000, 0x000000008ac00000, 0x00000000d6400000)
  object space 131072K, 31% used [0x0000000082c00000,0x00000000853c3658,0x000000008ac00000)
 Metaspace       used 51131K, capacity 52033K, committed 52440K, reserved 1095680K
  class space    used 6087K, capacity 6299K, committed 6400K, reserved 1048576K

Card table byte_map: [0x0000000003050000,0x0000000003440000] byte_map_base: 0x0000000002c3a000

Marking Bits: (ParMarkBitMap*) 0x00000000553a5aa0
 Begin Bits: [0x0000000003ae0000, 0x0000000005a30000)
 End Bits:   [0x0000000005a30000, 0x0000000007980000)

Polling page: 0x0000000002b40000

CodeCache: size=245760Kb used=29319Kb max_used=29319Kb free=216440Kb
 bounds [0x000000000f010000, 0x0000000010cd0000, 0x000000001e010000]
 total_blobs=8766 nmethods=8284 adapters=393
 compilation: enabled

Compilation events (10 events):
Event: 18.743 Thread 0x0000000008779800 9242       3       java.util.zip.ZipFile::ensureOpenOrZipException (18 bytes)
Event: 18.744 Thread 0x0000000008779800 nmethod 9242 0x0000000010cccad0 code [0x0000000010cccc40, 0x0000000010ccce68]
Event: 18.744 Thread 0x0000000008779800 9243       3       java.util.zip.ZipFile::access$1400 (14 bytes)
Event: 18.744 Thread 0x0000000008779800 nmethod 9243 0x0000000010cccf50 code [0x0000000010ccd0c0, 0x0000000010ccd228]
Event: 18.746 Thread 0x0000000008779800 9244       3       java.util.HashMap::put (13 bytes)
Event: 18.746 Thread 0x0000000008779800 nmethod 9244 0x0000000010ccd2d0 code [0x0000000010ccd460, 0x0000000010ccd818]
Event: 18.769 Thread 0x0000000008779800 9245  s    3       java.io.ExpiringCache::get (39 bytes)
Event: 18.769 Thread 0x0000000008779800 nmethod 9245 0x0000000010ccd950 code [0x0000000010ccdae0, 0x0000000010ccdf18]
Event: 18.831 Thread 0x0000000008779800 9246       3       java.io.File::exists (43 bytes)
Event: 18.832 Thread 0x0000000008779800 nmethod 9246 0x0000000010cce050 code [0x0000000010cce1e0, 0x0000000010cce668]

GC Heap History (10 events):
Event: 9.145 GC heap before
{Heap before GC invocations=8 (full 2):
 PSYoungGen      total 74240K, used 14440K [0x00000000d6400000, 0x00000000dd580000, 0x0000000100000000)
  eden space 57856K, 0% used [0x00000000d6400000,0x00000000d6400000,0x00000000d9c80000)
  from space 16384K, 88% used [0x00000000dae00000,0x00000000dbc1a1c0,0x00000000dbe00000)
  to   space 17920K, 0% used [0x00000000d9c80000,0x00000000d9c80000,0x00000000dae00000)
 ParOldGen       total 67072K, used 23224K [0x0000000082c00000, 0x0000000086d80000, 0x00000000d6400000)
  object space 67072K, 34% used [0x0000000082c00000,0x00000000842ae310,0x0000000086d80000)
 Metaspace       used 34476K, capacity 35023K, committed 35416K, reserved 1081344K
  class space    used 4309K, capacity 4480K, committed 4480K, reserved 1048576K
Event: 9.257 GC heap after
Heap after GC invocations=8 (full 2):
 PSYoungGen      total 74240K, used 0K [0x00000000d6400000, 0x00000000dd580000, 0x0000000100000000)
  eden space 57856K, 0% used [0x00000000d6400000,0x00000000d6400000,0x00000000d9c80000)
  from space 16384K, 0% used [0x00000000dae00000,0x00000000dae00000,0x00000000dbe00000)
  to   space 17920K, 0% used [0x00000000d9c80000,0x00000000d9c80000,0x00000000dae00000)
 ParOldGen       total 131072K, used 31641K [0x0000000082c00000, 0x000000008ac00000, 0x00000000d6400000)
  object space 131072K, 24% used [0x0000000082c00000,0x0000000084ae65b8,0x000000008ac00000)
 Metaspace       used 34476K, capacity 35023K, committed 35416K, reserved 1081344K
  class space    used 4309K, capacity 4480K, committed 4480K, reserved 1048576K
}
Event: 10.943 GC heap before
{Heap before GC invocations=9 (full 2):
 PSYoungGen      total 74240K, used 57856K [0x00000000d6400000, 0x00000000dd580000, 0x0000000100000000)
  eden space 57856K, 100% used [0x00000000d6400000,0x00000000d9c80000,0x00000000d9c80000)
  from space 16384K, 0% used [0x00000000dae00000,0x00000000dae00000,0x00000000dbe00000)
  to   space 17920K, 0% used [0x00000000d9c80000,0x00000000d9c80000,0x00000000dae00000)
 ParOldGen       total 131072K, used 31641K [0x0000000082c00000, 0x000000008ac00000, 0x00000000d6400000)
  object space 131072K, 24% used [0x0000000082c00000,0x0000000084ae65b8,0x000000008ac00000)
 Metaspace       used 36856K, capacity 37401K, committed 37848K, reserved 1083392K
  class space    used 4576K, capacity 4756K, committed 4864K, reserved 1048576K
Event: 10.955 GC heap after
Heap after GC invocations=9 (full 2):
 PSYoungGen      total 75776K, used 14558K [0x00000000d6400000, 0x00000000dd380000, 0x0000000100000000)
  eden space 57856K, 0% used [0x00000000d6400000,0x00000000d6400000,0x00000000d9c80000)
  from space 17920K, 81% used [0x00000000d9c80000,0x00000000daab7940,0x00000000dae00000)
  to   space 18432K, 0% used [0x00000000dc180000,0x00000000dc180000,0x00000000dd380000)
 ParOldGen       total 131072K, used 31649K [0x0000000082c00000, 0x000000008ac00000, 0x00000000d6400000)
  object space 131072K, 24% used [0x0000000082c00000,0x0000000084ae85b8,0x000000008ac00000)
 Metaspace       used 36856K, capacity 37401K, committed 37848K, reserved 1083392K
  class space    used 4576K, capacity 4756K, committed 4864K, reserved 1048576K
}
Event: 12.855 GC heap before
{Heap before GC invocations=10 (full 2):
 PSYoungGen      total 75776K, used 72414K [0x00000000d6400000, 0x00000000dd380000, 0x0000000100000000)
  eden space 57856K, 100% used [0x00000000d6400000,0x00000000d9c80000,0x00000000d9c80000)
  from space 17920K, 81% used [0x00000000d9c80000,0x00000000daab7940,0x00000000dae00000)
  to   space 18432K, 0% used [0x00000000dc180000,0x00000000dc180000,0x00000000dd380000)
 ParOldGen       total 131072K, used 31649K [0x0000000082c00000, 0x000000008ac00000, 0x00000000d6400000)
  object space 131072K, 24% used [0x0000000082c00000,0x0000000084ae85b8,0x000000008ac00000)
 Metaspace       used 39051K, capacity 39707K, committed 40024K, reserved 1085440K
  class space    used 4777K, capacity 4966K, committed 4992K, reserved 1048576K
Event: 12.877 GC heap after
Heap after GC invocations=10 (full 2):
 PSYoungGen      total 94208K, used 16919K [0x00000000d6400000, 0x00000000dd800000, 0x0000000100000000)
  eden space 75776K, 0% used [0x00000000d6400000,0x00000000d6400000,0x00000000dae00000)
  from space 18432K, 91% used [0x00000000dc180000,0x00000000dd205d98,0x00000000dd380000)
  to   space 19968K, 0% used [0x00000000dae00000,0x00000000dae00000,0x00000000dc180000)
 ParOldGen       total 131072K, used 31657K [0x0000000082c00000, 0x000000008ac00000, 0x00000000d6400000)
  object space 131072K, 24% used [0x0000000082c00000,0x0000000084aea5b8,0x000000008ac00000)
 Metaspace       used 39051K, capacity 39707K, committed 40024K, reserved 1085440K
  class space    used 4777K, capacity 4966K, committed 4992K, reserved 1048576K
}
Event: 15.051 GC heap before
{Heap before GC invocations=11 (full 2):
 PSYoungGen      total 94208K, used 92695K [0x00000000d6400000, 0x00000000dd800000, 0x0000000100000000)
  eden space 75776K, 100% used [0x00000000d6400000,0x00000000dae00000,0x00000000dae00000)
  from space 18432K, 91% used [0x00000000dc180000,0x00000000dd205d98,0x00000000dd380000)
  to   space 19968K, 0% used [0x00000000dae00000,0x00000000dae00000,0x00000000dc180000)
 ParOldGen       total 131072K, used 31657K [0x0000000082c00000, 0x000000008ac00000, 0x00000000d6400000)
  object space 131072K, 24% used [0x0000000082c00000,0x0000000084aea5b8,0x000000008ac00000)
 Metaspace       used 44507K, capacity 45235K, committed 45656K, reserved 1089536K
  class space    used 5512K, capacity 5722K, committed 5760K, reserved 1048576K
Event: 15.076 GC heap after
Heap after GC invocations=11 (full 2):
 PSYoungGen      total 95744K, used 19963K [0x00000000d6400000, 0x00000000dee80000, 0x0000000100000000)
  eden space 75776K, 0% used [0x00000000d6400000,0x00000000d6400000,0x00000000dae00000)
  from space 19968K, 99% used [0x00000000dae00000,0x00000000dc17edc8,0x00000000dc180000)
  to   space 24576K, 0% used [0x00000000dd680000,0x00000000dd680000,0x00000000dee80000)
 ParOldGen       total 131072K, used 37449K [0x0000000082c00000, 0x000000008ac00000, 0x00000000d6400000)
  object space 131072K, 28% used [0x0000000082c00000,0x0000000085092490,0x000000008ac00000)
 Metaspace       used 44507K, capacity 45235K, committed 45656K, reserved 1089536K
  class space    used 5512K, capacity 5722K, committed 5760K, reserved 1048576K
}
Event: 17.482 GC heap before
{Heap before GC invocations=12 (full 2):
 PSYoungGen      total 95744K, used 95739K [0x00000000d6400000, 0x00000000dee80000, 0x0000000100000000)
  eden space 75776K, 100% used [0x00000000d6400000,0x00000000dae00000,0x00000000dae00000)
  from space 19968K, 99% used [0x00000000dae00000,0x00000000dc17edc8,0x00000000dc180000)
  to   space 24576K, 0% used [0x00000000dd680000,0x00000000dd680000,0x00000000dee80000)
 ParOldGen       total 131072K, used 37449K [0x0000000082c00000, 0x000000008ac00000, 0x00000000d6400000)
  object space 131072K, 28% used [0x0000000082c00000,0x0000000085092490,0x000000008ac00000)
 Metaspace       used 47110K, capacity 47939K, committed 48216K, reserved 1091584K
  class space    used 5731K, capacity 5926K, committed 6016K, reserved 1048576K
Event: 17.518 GC heap after
Heap after GC invocations=12 (full 2):
 PSYoungGen      total 112640K, used 24553K [0x00000000d6400000, 0x00000000df900000, 0x0000000100000000)
  eden space 88064K, 0% used [0x00000000d6400000,0x00000000d6400000,0x00000000dba00000)
  from space 24576K, 99% used [0x00000000dd680000,0x00000000dee7a648,0x00000000dee80000)
  to   space 29184K, 0% used [0x00000000dba00000,0x00000000dba00000,0x00000000dd680000)
 ParOldGen       total 131072K, used 40717K [0x0000000082c00000, 0x000000008ac00000, 0x00000000d6400000)
  object space 131072K, 31% used [0x0000000082c00000,0x00000000853c3658,0x000000008ac00000)
 Metaspace       used 47110K, capacity 47939K, committed 48216K, reserved 1091584K
  class space    used 5731K, capacity 5926K, committed 6016K, reserved 1048576K
}

Deoptimization events (10 events):
Event: 18.565 Thread 0x0000000002b9a800 Uncommon trap: reason=class_check action=maybe_recompile pc=0x0000000010c23550 method=org.jetbrains.kotlin.descriptors.annotations.Annotations$DefaultImpls.findAnnotation(Lorg/jetbrains/kotlin/descriptors/annotations/Annotations;Lorg/jetbrains/kotlin/name
Event: 18.565 Thread 0x0000000002b9a800 Uncommon trap: reason=class_check action=maybe_recompile pc=0x0000000010c23550 method=org.jetbrains.kotlin.descriptors.annotations.Annotations$DefaultImpls.findAnnotation(Lorg/jetbrains/kotlin/descriptors/annotations/Annotations;Lorg/jetbrains/kotlin/name
Event: 18.567 Thread 0x0000000002b9a800 Uncommon trap: reason=class_check action=maybe_recompile pc=0x0000000010c23550 method=org.jetbrains.kotlin.descriptors.annotations.Annotations$DefaultImpls.findAnnotation(Lorg/jetbrains/kotlin/descriptors/annotations/Annotations;Lorg/jetbrains/kotlin/name
Event: 18.567 Thread 0x0000000002b9a800 Uncommon trap: reason=class_check action=maybe_recompile pc=0x0000000010c23550 method=org.jetbrains.kotlin.descriptors.annotations.Annotations$DefaultImpls.findAnnotation(Lorg/jetbrains/kotlin/descriptors/annotations/Annotations;Lorg/jetbrains/kotlin/name
Event: 18.661 Thread 0x0000000002b9a800 Uncommon trap: reason=class_check action=maybe_recompile pc=0x0000000010c14fd0 method=org.jetbrains.kotlin.resolve.OverridingUtil.filterOverrides(Ljava/util/Set;Lkotlin/jvm/functions/Function2;)Ljava/util/Set; @ 91
Event: 18.662 Thread 0x0000000002b9a800 Uncommon trap: reason=class_check action=maybe_recompile pc=0x0000000010c14fd0 method=org.jetbrains.kotlin.resolve.OverridingUtil.filterOverrides(Ljava/util/Set;Lkotlin/jvm/functions/Function2;)Ljava/util/Set; @ 91
Event: 18.662 Thread 0x0000000002b9a800 Uncommon trap: reason=class_check action=maybe_recompile pc=0x0000000010c14fd0 method=org.jetbrains.kotlin.resolve.OverridingUtil.filterOverrides(Ljava/util/Set;Lkotlin/jvm/functions/Function2;)Ljava/util/Set; @ 91
Event: 18.663 Thread 0x0000000002b9a800 Uncommon trap: reason=class_check action=maybe_recompile pc=0x0000000010c14fd0 method=org.jetbrains.kotlin.resolve.OverridingUtil.filterOverrides(Ljava/util/Set;Lkotlin/jvm/functions/Function2;)Ljava/util/Set; @ 91
Event: 18.663 Thread 0x0000000002b9a800 Uncommon trap: reason=predicate action=maybe_recompile pc=0x0000000010ab51c0 method=org.jetbrains.kotlin.resolve.OverridingUtil.filterOverrides(Ljava/util/Set;Lkotlin/jvm/functions/Function2;)Ljava/util/Set; @ 62
Event: 18.684 Thread 0x0000000002b9a800 Uncommon trap: reason=unstable_if action=reinterpret pc=0x000000000f418688 method=java.util.HashMap.hash(Ljava/lang/Object;)I @ 1

Classes redefined (0 events):
No events

Internal exceptions (10 events):
Event: 16.995 Thread 0x0000000002b9a800 Implicit null exception at 0x000000001079f130 to 0x000000001079f195
Event: 17.399 Thread 0x0000000002b9a800 Exception <a 'java/lang/NoSuchMethodError': java.lang.Object.lambda$static$0(Ljava/lang/Throwable;Ljava/lang/String;)V> (0x00000000dabec058) thrown at [D:\src\AOSP-openjdk-cygwin\jdk8u\hotspot\src\share\vm\interpreter\linkResolver.cpp, line 584]
Event: 17.408 Thread 0x0000000002b9a800 Implicit null exception at 0x0000000010678c39 to 0x00000000106790fd
Event: 17.408 Thread 0x0000000002b9a800 Implicit null exception at 0x00000000108bceaf to 0x00000000108bd315
Event: 17.408 Thread 0x0000000002b9a800 Implicit null exception at 0x000000001047bcb4 to 0x000000001047c155
Event: 17.408 Thread 0x0000000002b9a800 Implicit null exception at 0x000000001058418e to 0x00000000105845c1
Event: 17.409 Thread 0x0000000002b9a800 Implicit null exception at 0x000000000f9dacd2 to 0x000000000f9dafbd
Event: 17.409 Thread 0x0000000002b9a800 Implicit null exception at 0x0000000010227d93 to 0x0000000010227f39
Event: 17.690 Thread 0x0000000002b9a800 Exception <a 'java/lang/NoSuchMethodError': java.lang.Object.lambda$static$0(Lorg/jetbrains/kotlin/descriptors/ValueParameterDescriptor;Lorg/jetbrains/kotlin/codegen/ExpressionCodegen;)Lorg/jetbrains/kotlin/codegen/StackValue;> (0x00000000d6a18000) thrown
Event: 18.684 Thread 0x0000000002b9a800 Implicit null exception at 0x000000000f4180bb to 0x000000000f418675

Events (10 events):
Event: 18.767 loading class com/sun/tools/javac/util/List$2
Event: 18.767 loading class com/sun/tools/javac/util/List$2 done
Event: 18.767 loading class com/sun/tools/javac/main/Option
Event: 18.767 loading class com/sun/tools/javac/main/Option done
Event: 18.767 loading class org/jetbrains/kotlin/kapt3/base/util/Java9UtilsKt
Event: 18.767 loading class org/jetbrains/kotlin/kapt3/base/util/Java9UtilsKt done
Event: 18.768 loading class org/jetbrains/kotlin/kapt3/base/KaptContext$1$1
Event: 18.768 loading class org/jetbrains/kotlin/kapt3/base/KaptContext$1$1 done
Event: 18.769 loading class org/jetbrains/kotlin/kapt3/base/KaptContext$1$2
Event: 18.769 loading class org/jetbrains/kotlin/kapt3/base/KaptContext$1$2 done


Dynamic libraries:
0x00007ff60ff40000 - 0x00007ff60ff71000 	D:\AS\jre\jre\bin\java.exe
0x00007ffd64760000 - 0x00007ffd64909000 	C:\Windows\SYSTEM32\ntdll.dll
0x00007ffd63310000 - 0x00007ffd63449000 	C:\Windows\system32\KERNEL32.DLL
0x00007ffd61b40000 - 0x00007ffd61c4e000 	C:\Windows\system32\KERNELBASE.dll
0x00007ffd63460000 - 0x00007ffd63505000 	C:\Windows\system32\ADVAPI32.dll
0x00007ffd63910000 - 0x00007ffd63a81000 	C:\Windows\system32\USER32.dll
0x00007ffd5f3d0000 - 0x00007ffd5f62a000 	C:\Windows\WinSxS\amd64_microsoft.windows.common-controls_6595b64144ccf1df_6.0.9600.16384_none_62475f7becb72503\COMCTL32.dll
0x00007ffd63a90000 - 0x00007ffd63b37000 	C:\Windows\system32\msvcrt.dll
0x00007ffd64180000 - 0x00007ffd641d7000 	C:\Windows\SYSTEM32\sechost.dll
0x00007ffd64620000 - 0x00007ffd64756000 	C:\Windows\system32\RPCRT4.dll
0x00007ffd63120000 - 0x00007ffd63265000 	C:\Windows\system32\GDI32.dll
0x00007ffd64290000 - 0x00007ffd642c4000 	C:\Windows\system32\IMM32.DLL
0x00007ffd64360000 - 0x00007ffd64498000 	C:\Windows\system32\MSCTF.dll
0x00007ffd616c0000 - 0x00007ffd616f1000 	C:\Windows\system32\nvinitx.dll
0x000000000f000000 - 0x000000000f006000 	C:\Program Files\NVIDIA Corporation\CoProcManager\_etoured.dll
0x00007ffd5ff70000 - 0x00007ffd5ffa2000 	C:\Program Files\NVIDIA Corporation\CoProcManager\nvd3d9wrapx.dll
0x00007ffd63d00000 - 0x00007ffd63ed6000 	C:\Windows\system32\SETUPAPI.dll
0x00007ffd61af0000 - 0x00007ffd61b3a000 	C:\Windows\system32\CFGMGR32.dll
0x00007ffd5fdb0000 - 0x00007ffd5fdd2000 	C:\Program Files\NVIDIA Corporation\CoProcManager\nvdxgiwrapx.dll
0x0000000054a20000 - 0x0000000054af2000 	D:\AS\jre\jre\bin\msvcr100.dll
0x0000000054be0000 - 0x0000000055421000 	D:\AS\jre\jre\bin\server\jvm.dll
0x00007ffd595f0000 - 0x00007ffd595f9000 	C:\Windows\SYSTEM32\WSOCK32.dll
0x0000000000b00000 - 0x0000000000b1f000 	C:\Windows\system32\WINMM.dll
0x00007ffd5f730000 - 0x00007ffd5f73a000 	C:\Windows\SYSTEM32\VERSION.dll
0x00007ffd63450000 - 0x00007ffd63457000 	C:\Windows\system32\PSAPI.DLL
0x00007ffd642e0000 - 0x00007ffd64338000 	C:\Windows\system32\WS2_32.dll
0x00007ffd61810000 - 0x00007ffd6183a000 	C:\Windows\system32\WINMMBASE.dll
0x00007ffd637f0000 - 0x00007ffd637f9000 	C:\Windows\system32\NSI.dll
0x00007ffd617c0000 - 0x00007ffd617e6000 	C:\Windows\system32\DEVOBJ.dll
0x00007ffd5fde0000 - 0x00007ffd5fdef000 	D:\AS\jre\jre\bin\verify.dll
0x00007ffd5e8d0000 - 0x00007ffd5e8f9000 	D:\AS\jre\jre\bin\java.dll
0x00007ffd5fb40000 - 0x00007ffd5fb56000 	D:\AS\jre\jre\bin\zip.dll
0x00007ffd61d10000 - 0x00007ffd6311f000 	C:\Windows\system32\SHELL32.dll
0x00007ffd63f40000 - 0x00007ffd64117000 	C:\Windows\SYSTEM32\combase.dll
0x00007ffd64120000 - 0x00007ffd64171000 	C:\Windows\system32\SHLWAPI.dll
0x00007ffd602a0000 - 0x00007ffd60341000 	C:\Windows\SYSTEM32\SHCORE.dll
0x00007ffd61710000 - 0x00007ffd61724000 	C:\Windows\SYSTEM32\profapi.dll
0x00007ffd5f7b0000 - 0x00007ffd5f7ca000 	D:\AS\jre\jre\bin\net.dll
0x00007ffd60f20000 - 0x00007ffd60f78000 	C:\Windows\system32\mswsock.dll
0x00007ffd5ee70000 - 0x00007ffd5ee81000 	D:\AS\jre\jre\bin\nio.dll

VM Arguments:
java_command: org.jetbrains.kotlin.cli.jvm.K2JVMCompiler -Xadd-compiler-builtins -Xbuild-file=C:\Users\ADMINI~1\AppData\Local\Temp\kjps2551792099013138195app_debug.script.xml -classpath C:\Users\Administrator\.gradle\caches\transforms-1\files-1.1\adapters-3.1.4.aar\a4b3e322d11d4e2d074c9946672048ca\jars\classes.jar;C:\Users\Administrator\.gradle\caches\transforms-1\files-1.1\library-3.1.4.aar\f20939bc516a8a85ed6c57ee8f2785ed\jars\classes.jar;C:\Users\Administrator\.gradle\caches\modules-2\files-2.1\com.android.databinding\baseLibrary\3.1.4\df1e7638ba852152abe964e86f60fa4ce12e6a6a\baseLibrary-3.1.4.jar;C:\Users\Administrator\.gradle\caches\transforms-1\files-1.1\leakcanary-support-fragment-1.6.1.aar\1b058e13b6fd24d9b2f6735dd748678c\jars\classes.jar;C:\Users\Administrator\.gradle\caches\transforms-1\files-1.1\leakcanary-android-1.6.1.aar\2ec0ea481956c794d4a6dab73b2aa975\jars\classes.jar;C:\Users\Administrator\.gradle\caches\modules-2\files-2.1\org.jetbrains.kotlin\kotlin-stdlib-jdk7\1.2.60\31f1ea280ab4942ed25f91760d7170c41f78d06f\kotlin-stdlib-jdk7-1.2.60.jar;C:\Users\Administrator\.gradle\caches\transforms-1\files-1.1\design-28.0.0-rc01.aar\e89f8df2ae90b11386bda8e8c973de1e\jars\classes.jar;C:\Users\Administrator\.gradle\caches\transforms-1\files-1.1\calendarview-3.4.7.aar\524b0eadec6be7cb53d43c455a9414b2\jars\classes.jar;C:\Users\Administrator\.gradle\caches\transforms-1\files-1.1\preference-v14-28.0.0-rc01.aar\6f820cac076441ac3d3b93576e3bd19b\jars\classes.jar;C:\Users\Administrator\.gradle\caches\transforms-1\files-1.1\preference-v7-28.0.0-rc01.aar\e0380b25325f1904a4666d5c995eb93a\jars\classes.jar;C:\Users\Administrator\.gradle\caches\transforms-1\files-1.1\appcompat-v7-28.0.0-rc01.aar\70578a46abe2263dbb6c00034996005e\jars\classes.jar;C:\Users\Administrator\.gradle\caches\transforms-1\files-1.1\constraint-layout-1.1.3.aar\e1aad102b5cb34875a0ff190ef719375\jars\classes.jar;C:\Users\Administrator\.gradle\caches\transforms-1\files-1.1\cardview-v7-28.0.0-rc01.aar\d38ef2
java_class_path (initial): C:\Users\Administrator\.gradle\caches\modules-2\files-2.1\org.jetbrains.kotlin\kotlin-compiler-embeddable\1.2.60\98ce8533623aaa36e121844ffddee04fdf401e90\kotlin-compiler-embeddable-1.2.60.jar;C:\Users\Administrator\.gradle\caches\modules-2\files-2.1\org.jetbrains.kotlin\kotlin-reflect\1.2.60\33af8b35817e4c97a477a6a324032e0591d04f36\kotlin-reflect-1.2.60.jar;C:\Users\Administrator\.gradle\caches\modules-2\files-2.1\org.jetbrains.kotlin\kotlin-stdlib\1.2.60\391695759d8fc80042c2c11bc19fc6f2787be495\kotlin-stdlib-1.2.60.jar;C:\Users\Administrator\.gradle\caches\modules-2\files-2.1\org.jetbrains.kotlin\kotlin-script-runtime\1.2.60\f27ad40614f3519cc7b865fc6360b2d7de64f694\kotlin-script-runtime-1.2.60.jar;C:\Users\Administrator\.gradle\caches\modules-2\files-2.1\org.jetbrains.kotlin\kotlin-stdlib-common\1.2.60\d95e6419da840e672342e5d4348f0bdd1d58b84d\kotlin-stdlib-common-1.2.60.jar;C:\Users\Administrator\.gradle\caches\modules-2\files-2.1\org.jetbrains\annotations\13.0\919f0dfe192fb4e063e7dacadee7f8bb9a2672a9\annotations-13.0.jar;D:\AS\jre\lib\tools.jar
Launcher Type: SUN_STANDARD

Environment Variables:
JAVA_HOME=D:\JDK\jdk1.8.0_101
JRE_HOME=D:\JDK\jdk1.8.0_101\jre
PATH=E:\X86AllThings\mysql-5.7.16-winx64\bin;D:\JDK\androidSDK\platform-tools;C:\Windows\system32;C:\Windows;C:\Windows\system32\wbem;D:\NODEjs\;D:\JDK\jdk1.8.0_101;D:\JDK\jdk1.8.0_101\jre ;D:\JDK\jdk1.8.0_101\bin\;D:\JDK\jdk1.8.0_101\jre\bin;D:\GIT\Git\cmd;C:\Users\Administrator\AppData\Roaming\npm;C:\Users\Administrator\AppData\Local\atom\bin
USERNAME=LenGary-L
OS=Windows_NT
PROCESSOR_IDENTIFIER=Intel64 Family 6 Model 58 Stepping 9, GenuineIntel



---------------  S Y S T E M  ---------------

OS: Windows 8.1 , 64 bit Build 9600 (6.3.9600.16656)

CPU:total 4 (initial active 4) (2 cores per cpu, 2 threads per core) family 6 model 58 stepping 9, cmov, cx8, fxsr, mmx, sse, sse2, sse3, ssse3, sse4.1, sse4.2, popcnt, avx, aes, clmul, erms, ht, tsc, tscinvbit, tscinv

Memory: 4k page, physical 8201576k(1941880k free), swap 10823016k(5340k free)

vm_info: OpenJDK 64-Bit Server VM (25.152-b06) for windows-amd64 JRE (1.8.0_152-release-1136-b06), built by "builder" with MS VC++ 10.0 (VS2010)

time: Sun Sep 30 15:03:29 2018
elapsed time: 18 seconds (0d 0h 0m 18s)

